[     515ms] [LOG] [DATA] 월간 재시도 대기 중, static fallback 사용 @ http://localhost:8888/data.js?v=1.3:629
[     550ms] [LOG] 💾 2026년 공휴일 localStorage 캐시 사용 (23건) @ http://localhost:8888/holidays.js?v=1.2:316
[    4366ms] [ERROR] Failed to load resource: the server responded with a status of 404 () @ https://ulamqyarenzjdxlisijl.supabase.co/rest/v1/app_events?columns=%22anon_id%22%2C%22event_type%22%2C%22payload%22%2C%22app_version%22%2C%22user_agent%22%2C%22ts%22:0
[    4366ms] [WARNING] [Telemetry] insert failed: Could not find the table 'public.app_events' in the schema cache @ http://localhost:8888/supabaseClient.js?v=1.5:100
[ 1141683ms] [LOG] [DATA] 월간 재시도 대기 중, static fallback 사용 @ http://localhost:8888/data.js?v=1.3:629
[ 1141702ms] [LOG] 💾 2026년 공휴일 localStorage 캐시 사용 (23건) @ http://localhost:8888/holidays.js?v=1.2:316
[ 1145112ms] [ERROR] Failed to load resource: the server responded with a status of 404 () @ https://ulamqyarenzjdxlisijl.supabase.co/rest/v1/app_events?columns=%22anon_id%22%2C%22event_type%22%2C%22payload%22%2C%22app_version%22%2C%22user_agent%22%2C%22ts%22:0
[ 1145113ms] [WARNING] [Telemetry] insert failed: Could not find the table 'public.app_events' in the schema cache @ http://localhost:8888/supabaseClient.js?v=1.5:100
[ 1146383ms] [LOG] [DATA] 월간 재시도 대기 중, static fallback 사용 @ http://localhost:8888/data.js?v=2.5:629
[ 1146429ms] [WARNING] <meta name="apple-mobile-web-app-capable" content="yes"> is deprecated. Please include <meta name="mobile-web-app-capable" content="yes"> @ http://localhost:8888/regulation.html:0
[ 1146490ms] [LOG] [regulation.js] Loaded browse data from DB (7 sections) @ http://localhost:8888/regulation.js?v=2.4:190
[ 1146775ms] [WARNING] <meta name="apple-mobile-web-app-capable" content="yes"> is deprecated. Please include <meta name="mobile-web-app-capable" content="yes"> @ http://localhost:8888/cardnews.html:0
[ 1147424ms] [LOG] [DATA] 월간 재시도 대기 중, static fallback 사용 @ http://localhost:8888/data.js?v=1.3:629
[ 1147427ms] [LOG] 💾 2026년 공휴일 localStorage 캐시 사용 (23건) @ http://localhost:8888/holidays.js?v=1.2:316
[ 1150507ms] [ERROR] Failed to load resource: the server responded with a status of 404 () @ https://ulamqyarenzjdxlisijl.supabase.co/rest/v1/app_events?columns=%22anon_id%22%2C%22event_type%22%2C%22payload%22%2C%22app_version%22%2C%22user_agent%22%2C%22ts%22:0
[ 1150508ms] [WARNING] [Telemetry] insert failed: Could not find the table 'public.app_events' in the schema cache @ http://localhost:8888/supabaseClient.js?v=1.5:100
[ 1152951ms] [WARNING] <meta name="apple-mobile-web-app-capable" content="yes"> is deprecated. Please include <meta name="mobile-web-app-capable" content="yes"> @ http://localhost:8888/cardnews.html:0
[ 1154078ms] [LOG] [DATA] 월간 재시도 대기 중, static fallback 사용 @ http://localhost:8888/data.js?v=1.3:629
[ 1154081ms] [LOG] 💾 2026년 공휴일 localStorage 캐시 사용 (23건) @ http://localhost:8888/holidays.js?v=1.2:316
[ 1157159ms] [ERROR] Failed to load resource: the server responded with a status of 404 () @ https://ulamqyarenzjdxlisijl.supabase.co/rest/v1/app_events?columns=%22anon_id%22%2C%22event_type%22%2C%22payload%22%2C%22app_version%22%2C%22user_agent%22%2C%22ts%22:0
[ 1157160ms] [WARNING] [Telemetry] insert failed: Could not find the table 'public.app_events' in the schema cache @ http://localhost:8888/supabaseClient.js?v=1.5:100
[ 1178014ms] [LOG] [DATA] 월간 재시도 대기 중, static fallback 사용 @ http://localhost:8888/data.js?v=1.3:629
[ 1178018ms] [LOG] 💾 2026년 공휴일 localStorage 캐시 사용 (23건) @ http://localhost:8888/holidays.js?v=1.2:316
[ 1181118ms] [ERROR] Failed to load resource: the server responded with a status of 404 () @ https://ulamqyarenzjdxlisijl.supabase.co/rest/v1/app_events?columns=%22anon_id%22%2C%22event_type%22%2C%22payload%22%2C%22app_version%22%2C%22user_agent%22%2C%22ts%22:0
[ 1181119ms] [WARNING] [Telemetry] insert failed: Could not find the table 'public.app_events' in the schema cache @ http://localhost:8888/supabaseClient.js?v=1.5:100
[ 1192536ms] [LOG] [DATA] 월간 재시도 대기 중, static fallback 사용 @ http://localhost:8888/data.js?v=2.5:629
[ 1192554ms] [LOG] [regulation.js] Loaded browse data from DB (7 sections) @ http://localhost:8888/regulation.js?v=2.4:190
[ 1192605ms] [WARNING] <meta name="apple-mobile-web-app-capable" content="yes"> is deprecated. Please include <meta name="mobile-web-app-capable" content="yes"> @ http://localhost:8888/regulation.html:0
[ 1193123ms] [WARNING] <meta name="apple-mobile-web-app-capable" content="yes"> is deprecated. Please include <meta name="mobile-web-app-capable" content="yes"> @ http://localhost:8888/cardnews.html:0
[ 1194211ms] [LOG] [DATA] 월간 재시도 대기 중, static fallback 사용 @ http://localhost:8888/data.js?v=1.3:629
[ 1194214ms] [LOG] 💾 2026년 공휴일 localStorage 캐시 사용 (23건) @ http://localhost:8888/holidays.js?v=1.2:316
[ 1197278ms] [ERROR] Failed to load resource: the server responded with a status of 404 () @ https://ulamqyarenzjdxlisijl.supabase.co/rest/v1/app_events?columns=%22anon_id%22%2C%22event_type%22%2C%22payload%22%2C%22app_version%22%2C%22user_agent%22%2C%22ts%22:0
[ 1197280ms] [WARNING] [Telemetry] insert failed: Could not find the table 'public.app_events' in the schema cache @ http://localhost:8888/supabaseClient.js?v=1.5:100
