[     419ms] [LOG] [DATA] 월간 재시도 대기 중, static fallback 사용 @ http://localhost:8765/data.js?v=1.3:614
[     424ms] [LOG] 💾 2026년 공휴일 localStorage 캐시 사용 (23건) @ http://localhost:8765/holidays.js?v=1.2:316
[  215342ms] [LOG] [PayslipParser] PDF 행 그룹핑: 49행 (병합 후) @ http://localhost:8765/salary-parser.js?v=2.4:349
[  215342ms] [LOG]   [0] S101 | 2025년도12월분급여명세서 | 급여지급일: | 2025-12-17 @ http://localhost:8765/salary-parser.js?v=2.4:351
[  215342ms] [LOG]   [1] 개인번호 | 20842 | 성명 | 김계환 | 직종 | 보건직 | 급여연차 | S1-02 | 소속 | 핵의학과 | 입사년월 | 2006-07-05 @ http://localhost:8765/salary-parser.js?v=2.4:351
[  215342ms] [LOG]   [2] 기준기본급 | 정근수당 | 연구보조비 | 진료기여수당(협진) | 성과급 | 급식보조비 | 시간외수당 | 야간근무가산금 | 당직비 | 기타지급1 | 대체근무가산금 @ http://localhost:8765/salary-parser.js?v=2.4:351
[  215342ms] [LOG]   [3] 근속가산기본급 | 명절지원비 | 의학연구비 | 진료비보조 | 기타수당 | 교통보조비 | 휴일수당 | 무급생휴공제 | 주치의수당 | 기타지급2 | 대체근무 @ http://localhost:8765/salary-parser.js?v=2.4:351
[  215342ms] [LOG]   [4] 통상야근수당 @ http://localhost:8765/salary-parser.js?v=2.4:351
[  215342ms] [LOG]   [5] 능력급 | 의업수당 | 진료기여수당 | 조정급 | 직책수당 | 야간수당 | 별정수당(약제부+전문간호 | 군복무수당 | 간호간병특별수당 | 전담야간근무 @ http://localhost:8765/salary-parser.js?v=2.4:351
[  215342ms] [LOG]   [6] 사+기타) | 가산금 @ http://localhost:8765/salary-parser.js?v=2.4:351
[  215342ms] [LOG]   [7] 지 @ http://localhost:8765/salary-parser.js?v=2.4:351
[  215342ms] [LOG]   [8] 상여금 | 진료수당 | 선택진료수당 | 별정수당(직무) | 승급호봉분 | 업무보조비 | 통상야간 | 산전후보전급여 | 육아휴직수당 | 연차수당 | 별정수당5 @ http://localhost:8765/salary-parser.js?v=2.4:351
[  215342ms] [LOG]   [9] 특별상여금 | 임상연구비 | 보직교수기여수당 | 연구장려수당 | 경력인정수당 | 장기근속수당 | 명절수당 | 가족수당 | 무급가족돌봄휴가 | 연차보전수당 @ http://localhost:8765/salary-parser.js?v=2.4:351
[  215342ms] [LOG]   [10] 급 @ http://localhost:8765/salary-parser.js?v=2.4:351
[  215342ms] [LOG]   [11] 가계지원비 | 연구실습비 | 진료기여수당(토요진료) | 진료지원수당 | 의학연구지원금 | 원외근무수당 | 법정공휴일수당자기계발별정수당육아기근로시간단축 | 무급난임휴가 @ http://localhost:8765/salary-parser.js?v=2.4:351
[  215342ms] [LOG]   [12] 2,907,500 | 150,000 @ http://localhost:8765/salary-parser.js?v=2.4:351
[  215342ms] [LOG]   [13] 내 | 214,080 | 150,000 @ http://localhost:8765/salary-parser.js?v=2.4:351
[  215342ms] [LOG]   [14] 1,075,700 | 301,700 @ http://localhost:8765/salary-parser.js?v=2.4:351
[  215342ms] [LOG]   [15] 역 @ http://localhost:8765/salary-parser.js?v=2.4:351
[  215342ms] [LOG]   [16] 157,400 @ http://localhost:8765/salary-parser.js?v=2.4:351
[  215342ms] [LOG]   [17] 80,000 | -214,630 @ http://localhost:8765/salary-parser.js?v=2.4:351
[  215342ms] [LOG]   [18] 934,970 @ http://localhost:8765/salary-parser.js?v=2.4:351
[  215342ms] [LOG]   [19] 소득세 | 국민건강 | 고용보험 | 장학지원금공제 | 병원발전기금 | 전공의협회비 | 식대공제 | 총근로시간 | 시간외근무시간야간근무가산횟수 | 지급연차갯수 @ http://localhost:8765/salary-parser.js?v=2.4:351
[  215342ms] [LOG]   [20] 주민세 | 장기요양 | 고용보험(정산) | 노동조합비 | 후원회비 | 전공의동창회비대학학자금대출상환 | 통상근로시간 | 휴일근무시간 | 대체근무가산횟수 | 사용연차 @ http://localhost:8765/salary-parser.js?v=2.4:351
[  215342ms] [LOG]   [21] 농특세 | 국민연금 | 교원장기급여 | 노조기금 | 의국비 | 기금출연금 | 기타공제1 | 야간근로시간 | 야간근무시간 | 대체근무통상야근시간 | 발생연차 @ http://localhost:8765/salary-parser.js?v=2.4:351
[  215342ms] [LOG]   [22] 공 | 전담야간근무 @ http://localhost:8765/salary-parser.js?v=2.4:351
[  215342ms] [LOG]   [23] 소득세(정산) | 국민건강(정산) | 교원대출상환 | 주차료 | 상조회비 | 사학연금부담금 | 무노동무임금 | 주휴시간 | 통상야근시간 | 가산횟수 | 급여총액 @ http://localhost:8765/salary-parser.js?v=2.4:351
[  215342ms] [LOG]   [24] 주민세(정산) | 장기요양(정산) | 마을금고상환 | 기숙사비 | 의사협회비 | 사학연금대여상환금 | 기타공제3 | 유급휴일 | 명절근무시간 | 무급생휴일 | 공제총액 @ http://localhost:8765/salary-parser.js?v=2.4:351
[  215342ms] [LOG]   [25] 제 | 법정공휴일 @ http://localhost:8765/salary-parser.js?v=2.4:351
[  215342ms] [LOG]   [26] 농특세(정산) | 국민연금(정산) | 채권가압류 | 보육료 | 기금협의회비 | 사학연금정산금 | 근 | 무 | 시 | 간 | 실지급액 @ http://localhost:8765/salary-parser.js?v=2.4:351
[  215342ms] [LOG]   [27] 335,690 | 236,800 | 60,000 | 0.00 | 0 @ http://localhost:8765/salary-parser.js?v=2.4:351
[  215342ms] [LOG]   [28] 내 | 33,560 | 30,660 | 67,110 | 0.0 | 0.00 | 0 @ http://localhost:8765/salary-parser.js?v=2.4:351
[  215342ms] [LOG]   [29] 60,000 | 0.0 | 0.00 | 0.00 @ http://localhost:8765/salary-parser.js?v=2.4:351
[  215342ms] [LOG]   [30] 역 @ http://localhost:8765/salary-parser.js?v=2.4:351
[  215342ms] [LOG]   [31] 433,570 | 619,220 | 0.00 | 0.00 | 5,756,720 @ http://localhost:8765/salary-parser.js?v=2.4:351
[  215342ms] [LOG]   [32] 342,940 | 0.0 | 0.00 | 0.00 | 2,219,550 @ http://localhost:8765/salary-parser.js?v=2.4:351
[  215342ms] [LOG]   [33] 0.00 | 3,537,170 @ http://localhost:8765/salary-parser.js?v=2.4:351
[  215342ms] [LOG]   [34] 교원공제회원번호:J49328 | 사학연금기관번호: | 가183 @ http://localhost:8765/salary-parser.js?v=2.4:351
[  215342ms] [LOG]   [35] 일반직2734 @ http://localhost:8765/salary-parser.js?v=2.4:351
[  215342ms] [LOG]   [36] 가족수당지급대상: @ http://localhost:8765/salary-parser.js?v=2.4:351
[  215342ms] [LOG]   [37] 급여문의 | 단시간2735 @ http://localhost:8765/salary-parser.js?v=2.4:351
[  215342ms] [LOG]   [38] 급여계좌변경:로그인->부서행정->개인정보->인사개인정보->개인급여계좌신청탭클릭->수정정보입력후적용 | 복지팀 @ http://localhost:8765/salary-parser.js?v=2.4:351
[  215342ms] [LOG]   [39] 의사직/ @ http://localhost:8765/salary-parser.js?v=2.4:351
[  215342ms] [LOG]   [40] 환경유지지원직 @ http://localhost:8765/salary-parser.js?v=2.4:351
[  215342ms] [LOG]   [41] 2731 @ http://localhost:8765/salary-parser.js?v=2.4:351
[  215342ms] [LOG]   [42] 휴직,연차,연장근무 | 인사팀3427 @ http://localhost:8765/salary-parser.js?v=2.4:351
[  215342ms] [LOG]   [43] 귀하의노고에진심으로감사드립니다. @ http://localhost:8765/salary-parser.js?v=2.4:351
[  215342ms] [LOG]   [44] 개인번호 | 20842 | 이름 | 김계환 @ http://localhost:8765/salary-parser.js?v=2.4:351
[  215342ms] [LOG]   [45] 근로일수 | 30 | 전월통상임금 | 6,438,850 | 연차평균임금 | 6,438,850 @ http://localhost:8765/salary-parser.js?v=2.4:351
[  215342ms] [LOG]   [46] 구분 | 항목 | 계산방법 | 지급액 @ http://localhost:8765/salary-parser.js?v=2.4:351
[  215342ms] [LOG]   [47] 공제 | 식대공제 | (20X3,000) | 60,000 @ http://localhost:8765/salary-parser.js?v=2.4:351
[  215342ms] [LOG]   [48] 지급 | 무급가족돌봄휴가(6,438,850/0X-1) | -214,630 @ http://localhost:8765/salary-parser.js?v=2.4:351
[  215343ms] [LOG] [PayslipParser] 앵커 행: 지급=2, 공제=19 @ http://localhost:8765/salary-parser.js?v=2.4:516
[  215344ms] [LOG] [PayslipParser] 2-pass 그리드 기반 재병합 완료: 49행 @ http://localhost:8765/salary-parser.js?v=2.4:561
[  215345ms] [LOG] [PayslipParser] 지급 분리: 이름행 6, 금액행 6 @ http://localhost:8765/salary-parser.js?v=2.4:617
[  215345ms] [TABLE] [Object, Object, Object, Object, Object, Object, Object, Object, Object, Object, Object, Object, Object, Object, Object, Object, Object, Object, Object, Object, Object, Object, Object, Object, Object, Object, Object, Object, Object, Object, Object, Object, Object, Object, Object, Object, Object, Object, Object, Object, Object, Object, Object, Object, Object, Object, Object, Object, Object, Object, Object, Object, Object, Object, Object, Object, Object, Object, Object, Object, Object, Object, Object] @ http://localhost:8765/salary-parser.js?v=2.4:619
[  215346ms] [LOG] [PayslipParser] 공제 분리: 이름행 6, 금액행 6 @ http://localhost:8765/salary-parser.js?v=2.4:631
[  215346ms] [TABLE] [Object, Object, Object, Object, Object, Object, Object, Object, Object, Object, Object, Object, Object, Object, Object, Object, Object, Object, Object, Object, Object, Object, Object, Object, Object, Object, Object, Object, Object, Object, Object, Object, Object, Object, Object, Object, Object, Object, Object, Object, Object, Object, Object] @ http://localhost:8765/salary-parser.js?v=2.4:633
[  215347ms] [LOG] [PayslipParser] 글로벌 그리드 매칭: 지급 10건, 공제 10건 @ http://localhost:8765/salary-parser.js?v=2.4:672
[  215347ms] [LOG] [PayslipParser] 총액 검증: 지급 5756720=5756720 ✅ @ http://localhost:8765/salary-parser.js?v=2.4:673
[  215347ms] [LOG] [PayslipParser] 총액 검증: 공제 2219550=2219550 ✅ @ http://localhost:8765/salary-parser.js?v=2.4:674
[  215347ms] [LOG] [PayslipParser] 총액: 급여=5756720, 공제=2219550, 실지급=3537170 @ http://localhost:8765/salary-parser.js?v=2.4:675
[  215347ms] [LOG] [PayslipParser] 신뢰도: 100/100 (method=globalGrid) @ http://localhost:8765/salary-parser.js?v=2.4:711
[  242477ms] [LOG] [PayslipParser] PDF 행 그룹핑: 46행 (병합 후) @ http://localhost:8765/salary-parser.js?v=2.4:349
[  242477ms] [LOG]   [0] S101 | 2025년도12월분급여명세서(소급분) | 급여지급일: | 2025-12-30 @ http://localhost:8765/salary-parser.js?v=2.4:351
[  242477ms] [LOG]   [1] 개인번호 | 20842 | 성명 | 김계환 | 직종 | 보건직 | 급여연차 | S1-02 | 소속 | 핵의학과 | 입사년월 | 2006-07-05 @ http://localhost:8765/salary-parser.js?v=2.4:351
[  242477ms] [LOG]   [2] 기준기본급 | 정근수당 | 연구보조비 | 진료기여수당(협진) | 성과급 | 급식보조비 | 시간외수당 | 야간근무가산금 | 당직비 | 기타지급1 | 대체근무가산금 @ http://localhost:8765/salary-parser.js?v=2.4:351
[  242477ms] [LOG]   [3] 근속가산기본급 | 명절지원비 | 의학연구비 | 진료비보조 | 기타수당 | 교통보조비 | 휴일수당 | 무급생휴공제 | 주치의수당 | 기타지급2 | 대체근무 @ http://localhost:8765/salary-parser.js?v=2.4:351
[  242477ms] [LOG]   [4] 통상야근수당 @ http://localhost:8765/salary-parser.js?v=2.4:351
[  242477ms] [LOG]   [5] 능력급 | 의업수당 | 진료기여수당 | 조정급 | 직책수당 | 야간수당 | 별정수당(약제부+전문간호 | 군복무수당 | 간호간병특별수당 | 전담야간근무 @ http://localhost:8765/salary-parser.js?v=2.4:351
[  242477ms] [LOG]   [6] 사+기타) | 가산금 @ http://localhost:8765/salary-parser.js?v=2.4:351
[  242477ms] [LOG]   [7] 지 @ http://localhost:8765/salary-parser.js?v=2.4:351
[  242477ms] [LOG]   [8] 상여금 | 진료수당 | 선택진료수당 | 별정수당(직무) | 승급호봉분 | 업무보조비 | 통상야간 | 산전후보전급여 | 육아휴직수당 | 연차수당 | 별정수당5 @ http://localhost:8765/salary-parser.js?v=2.4:351
[  242477ms] [LOG]   [9] 특별상여금 | 임상연구비 | 보직교수기여수당 | 연구장려수당 | 경력인정수당 | 장기근속수당 | 명절수당 | 가족수당 | 무급가족돌봄휴가 | 연차보전수당 @ http://localhost:8765/salary-parser.js?v=2.4:351
[  242477ms] [LOG]   [10] 급 @ http://localhost:8765/salary-parser.js?v=2.4:351
[  242477ms] [LOG]   [11] 가계지원비 | 연구실습비 | 진료기여수당(토요진료) | 진료지원수당 | 의학연구지원금 | 원외근무수당 | 법정공휴일수당자기계발별정수당육아기근로시간단축 | 무급난임휴가 @ http://localhost:8765/salary-parser.js?v=2.4:351
[  242477ms] [LOG]   [12] 1,774,000 | 12,860 @ http://localhost:8765/salary-parser.js?v=2.4:351
[  242477ms] [LOG]   [13] 내 | 124,280 | 316,610 @ http://localhost:8765/salary-parser.js?v=2.4:351
[  242477ms] [LOG]   [14] 역 @ http://localhost:8765/salary-parser.js?v=2.4:351
[  242477ms] [LOG]   [15] -44,970 @ http://localhost:8765/salary-parser.js?v=2.4:351
[  242477ms] [LOG]   [16] 소득세 | 국민건강 | 고용보험 | 장학지원금공제 | 병원발전기금 | 전공의협회비 | 식대공제 | 총근로시간 | 시간외근무시간야간근무가산횟수 | 지급연차갯수 @ http://localhost:8765/salary-parser.js?v=2.4:351
[  242477ms] [LOG]   [17] 주민세 | 장기요양 | 고용보험(정산) | 노동조합비 | 후원회비 | 전공의동창회비대학학자금대출상환 | 통상근로시간 | 휴일근무시간 | 대체근무가산횟수 | 사용연차 @ http://localhost:8765/salary-parser.js?v=2.4:351
[  242477ms] [LOG]   [18] 농특세 | 국민연금 | 교원장기급여 | 노조기금 | 의국비 | 기금출연금 | 기타공제1 | 야간근로시간 | 야간근무시간 | 대체근무통상야근시간 | 발생연차 @ http://localhost:8765/salary-parser.js?v=2.4:351
[  242477ms] [LOG]   [19] 공 | 전담야간근무 @ http://localhost:8765/salary-parser.js?v=2.4:351
[  242477ms] [LOG]   [20] 소득세(정산) | 국민건강(정산) | 교원대출상환 | 주차료 | 상조회비 | 사학연금부담금 | 무노동무임금 | 주휴시간 | 통상야근시간 | 가산횟수 | 급여총액 @ http://localhost:8765/salary-parser.js?v=2.4:351
[  242477ms] [LOG]   [21] 주민세(정산) | 장기요양(정산) | 마을금고상환 | 기숙사비 | 의사협회비 | 사학연금대여상환금 | 기타공제3 | 유급휴일 | 명절근무시간 | 무급생휴일 | 공제총액 @ http://localhost:8765/salary-parser.js?v=2.4:351
[  242477ms] [LOG]   [22] 제 | 법정공휴일 @ http://localhost:8765/salary-parser.js?v=2.4:351
[  242477ms] [LOG]   [23] 농특세(정산) | 국민연금(정산) | 채권가압류 | 보육료 | 기금협의회비 | 사학연금정산금 | 근 | 무 | 시 | 간 | 실지급액 @ http://localhost:8765/salary-parser.js?v=2.4:351
[  242477ms] [LOG]   [24] 344,130 | 0.00 | 0 @ http://localhost:8765/salary-parser.js?v=2.4:351
[  242477ms] [LOG]   [25] 내 | 34,410 | 28,360 | 0.0 | 0.00 | 0 @ http://localhost:8765/salary-parser.js?v=2.4:351
[  242477ms] [LOG]   [26] 0.00 | 0.00 @ http://localhost:8765/salary-parser.js?v=2.4:351
[  242477ms] [LOG]   [27] 역 @ http://localhost:8765/salary-parser.js?v=2.4:351
[  242477ms] [LOG]   [28] 0.0 | 0.00 | 0.00 | 2,182,780 @ http://localhost:8765/salary-parser.js?v=2.4:351
[  242477ms] [LOG]   [29] 0.00 | 0.00 | 406,900 @ http://localhost:8765/salary-parser.js?v=2.4:351
[  242477ms] [LOG]   [30] 1,775,880 @ http://localhost:8765/salary-parser.js?v=2.4:351
[  242477ms] [LOG]   [31] 교원공제회원번호:J49328 | 사학연금기관번호: | 가183 @ http://localhost:8765/salary-parser.js?v=2.4:351
[  242477ms] [LOG]   [32] 일반직2734 @ http://localhost:8765/salary-parser.js?v=2.4:351
[  242477ms] [LOG]   [33] 가족수당지급대상: @ http://localhost:8765/salary-parser.js?v=2.4:351
[  242477ms] [LOG]   [34] 급여문의 | 단시간2735 @ http://localhost:8765/salary-parser.js?v=2.4:351
[  242477ms] [LOG]   [35] 급여계좌변경:로그인->부서행정->개인정보->인사개인정보->개인급여계좌신청탭클릭->수정정보입력후적용 | 복지팀 @ http://localhost:8765/salary-parser.js?v=2.4:351
[  242477ms] [LOG]   [36] 의사직/ @ http://localhost:8765/salary-parser.js?v=2.4:351
[  242477ms] [LOG]   [37] 환경유지지원직 @ http://localhost:8765/salary-parser.js?v=2.4:351
[  242477ms] [LOG]   [38] 2731 @ http://localhost:8765/salary-parser.js?v=2.4:351
[  242477ms] [LOG]   [39] 휴직,연차,연장근무 | 인사팀3427 @ http://localhost:8765/salary-parser.js?v=2.4:351
[  242477ms] [LOG]   [40] 귀하의노고에진심으로감사드립니다. @ http://localhost:8765/salary-parser.js?v=2.4:351
[  242477ms] [LOG]   [41] 개인번호 | 20842 | 이름 | 김계환 @ http://localhost:8765/salary-parser.js?v=2.4:351
[  242477ms] [LOG]   [42] 근로일수 | 30 | 전월통상임금 | 6,438,850 | 연차평균임금 @ http://localhost:8765/salary-parser.js?v=2.4:351
[  242477ms] [LOG]   [43] 구분 | 항목 | 계산방법 | 지급액 @ http://localhost:8765/salary-parser.js?v=2.4:351
[  242477ms] [LOG]   [44] 지급 | 무급가족돌봄휴가(6,438,850/0X0) | -44,970 @ http://localhost:8765/salary-parser.js?v=2.4:351
[  242477ms] [LOG]   [45] 지급 | 시간외수당 | (6,438,850/209X1.5X0) | 12,860 @ http://localhost:8765/salary-parser.js?v=2.4:351
[  242478ms] [LOG] [PayslipParser] 앵커 행: 지급=2, 공제=16 @ http://localhost:8765/salary-parser.js?v=2.4:516
[  242479ms] [LOG] [PayslipParser] 2-pass 그리드 기반 재병합 완료: 46행 @ http://localhost:8765/salary-parser.js?v=2.4:561
[  242479ms] [LOG] [PayslipParser] 지급 분리: 이름행 6, 금액행 3 @ http://localhost:8765/salary-parser.js?v=2.4:617
[  242480ms] [TABLE] [Object, Object, Object, Object, Object, Object, Object, Object, Object, Object, Object, Object, Object, Object, Object, Object, Object, Object, Object, Object, Object, Object, Object, Object, Object, Object, Object, Object, Object, Object, Object, Object] @ http://localhost:8765/salary-parser.js?v=2.4:619
[  242480ms] [LOG] [PayslipParser] 공제 분리: 이름행 6, 금액행 6 @ http://localhost:8765/salary-parser.js?v=2.4:631
[  242480ms] [TABLE] [Object, Object, Object, Object, Object, Object, Object, Object, Object, Object, Object, Object, Object, Object, Object, Object, Object, Object, Object, Object, Object, Object, Object, Object, Object, Object, Object, Object, Object, Object, Object, Object, Object, Object, Object, Object, Object, Object, Object, Object, Object, Object, Object] @ http://localhost:8765/salary-parser.js?v=2.4:633
[  242480ms] [LOG] [PayslipParser] 글로벌 그리드 매칭: 지급 5건, 공제 3건 @ http://localhost:8765/salary-parser.js?v=2.4:672
[  242480ms] [LOG] [PayslipParser] 총액 검증: 지급 2182780=2182780 ✅ @ http://localhost:8765/salary-parser.js?v=2.4:673
[  242480ms] [LOG] [PayslipParser] 총액 검증: 공제 406900=406900 ✅ @ http://localhost:8765/salary-parser.js?v=2.4:674
[  242480ms] [LOG] [PayslipParser] 총액: 급여=2182780, 공제=406900, 실지급=1775880 @ http://localhost:8765/salary-parser.js?v=2.4:675
[  242480ms] [LOG] [PayslipParser] 신뢰도: 100/100 (method=globalGrid) @ http://localhost:8765/salary-parser.js?v=2.4:711
[  442937ms] [LOG] [PayslipParser] PDF 행 그룹핑: 46행 (병합 후) @ http://localhost:8765/salary-parser.js?v=2.4:349
[  442937ms] [LOG]   [0] S101 | 2025년도12월분급여명세서(소급분) | 급여지급일: | 2025-12-30 @ http://localhost:8765/salary-parser.js?v=2.4:351
[  442937ms] [LOG]   [1] 개인번호 | 20842 | 성명 | 김계환 | 직종 | 보건직 | 급여연차 | S1-02 | 소속 | 핵의학과 | 입사년월 | 2006-07-05 @ http://localhost:8765/salary-parser.js?v=2.4:351
[  442937ms] [LOG]   [2] 기준기본급 | 정근수당 | 연구보조비 | 진료기여수당(협진) | 성과급 | 급식보조비 | 시간외수당 | 야간근무가산금 | 당직비 | 기타지급1 | 대체근무가산금 @ http://localhost:8765/salary-parser.js?v=2.4:351
[  442937ms] [LOG]   [3] 근속가산기본급 | 명절지원비 | 의학연구비 | 진료비보조 | 기타수당 | 교통보조비 | 휴일수당 | 무급생휴공제 | 주치의수당 | 기타지급2 | 대체근무 @ http://localhost:8765/salary-parser.js?v=2.4:351
[  442937ms] [LOG]   [4] 통상야근수당 @ http://localhost:8765/salary-parser.js?v=2.4:351
[  442937ms] [LOG]   [5] 능력급 | 의업수당 | 진료기여수당 | 조정급 | 직책수당 | 야간수당 | 별정수당(약제부+전문간호 | 군복무수당 | 간호간병특별수당 | 전담야간근무 @ http://localhost:8765/salary-parser.js?v=2.4:351
[  442937ms] [LOG]   [6] 사+기타) | 가산금 @ http://localhost:8765/salary-parser.js?v=2.4:351
[  442937ms] [LOG]   [7] 지 @ http://localhost:8765/salary-parser.js?v=2.4:351
[  442937ms] [LOG]   [8] 상여금 | 진료수당 | 선택진료수당 | 별정수당(직무) | 승급호봉분 | 업무보조비 | 통상야간 | 산전후보전급여 | 육아휴직수당 | 연차수당 | 별정수당5 @ http://localhost:8765/salary-parser.js?v=2.4:351
[  442937ms] [LOG]   [9] 특별상여금 | 임상연구비 | 보직교수기여수당 | 연구장려수당 | 경력인정수당 | 장기근속수당 | 명절수당 | 가족수당 | 무급가족돌봄휴가 | 연차보전수당 @ http://localhost:8765/salary-parser.js?v=2.4:351
[  442937ms] [LOG]   [10] 급 @ http://localhost:8765/salary-parser.js?v=2.4:351
[  442937ms] [LOG]   [11] 가계지원비 | 연구실습비 | 진료기여수당(토요진료) | 진료지원수당 | 의학연구지원금 | 원외근무수당 | 법정공휴일수당자기계발별정수당육아기근로시간단축 | 무급난임휴가 @ http://localhost:8765/salary-parser.js?v=2.4:351
[  442937ms] [LOG]   [12] 1,774,000 | 12,860 @ http://localhost:8765/salary-parser.js?v=2.4:351
[  442937ms] [LOG]   [13] 내 | 124,280 | 316,610 @ http://localhost:8765/salary-parser.js?v=2.4:351
[  442937ms] [LOG]   [14] 역 @ http://localhost:8765/salary-parser.js?v=2.4:351
[  442937ms] [LOG]   [15] -44,970 @ http://localhost:8765/salary-parser.js?v=2.4:351
[  442937ms] [LOG]   [16] 소득세 | 국민건강 | 고용보험 | 장학지원금공제 | 병원발전기금 | 전공의협회비 | 식대공제 | 총근로시간 | 시간외근무시간야간근무가산횟수 | 지급연차갯수 @ http://localhost:8765/salary-parser.js?v=2.4:351
[  442937ms] [LOG]   [17] 주민세 | 장기요양 | 고용보험(정산) | 노동조합비 | 후원회비 | 전공의동창회비대학학자금대출상환 | 통상근로시간 | 휴일근무시간 | 대체근무가산횟수 | 사용연차 @ http://localhost:8765/salary-parser.js?v=2.4:351
[  442937ms] [LOG]   [18] 농특세 | 국민연금 | 교원장기급여 | 노조기금 | 의국비 | 기금출연금 | 기타공제1 | 야간근로시간 | 야간근무시간 | 대체근무통상야근시간 | 발생연차 @ http://localhost:8765/salary-parser.js?v=2.4:351
[  442937ms] [LOG]   [19] 공 | 전담야간근무 @ http://localhost:8765/salary-parser.js?v=2.4:351
[  442937ms] [LOG]   [20] 소득세(정산) | 국민건강(정산) | 교원대출상환 | 주차료 | 상조회비 | 사학연금부담금 | 무노동무임금 | 주휴시간 | 통상야근시간 | 가산횟수 | 급여총액 @ http://localhost:8765/salary-parser.js?v=2.4:351
[  442937ms] [LOG]   [21] 주민세(정산) | 장기요양(정산) | 마을금고상환 | 기숙사비 | 의사협회비 | 사학연금대여상환금 | 기타공제3 | 유급휴일 | 명절근무시간 | 무급생휴일 | 공제총액 @ http://localhost:8765/salary-parser.js?v=2.4:351
[  442937ms] [LOG]   [22] 제 | 법정공휴일 @ http://localhost:8765/salary-parser.js?v=2.4:351
[  442937ms] [LOG]   [23] 농특세(정산) | 국민연금(정산) | 채권가압류 | 보육료 | 기금협의회비 | 사학연금정산금 | 근 | 무 | 시 | 간 | 실지급액 @ http://localhost:8765/salary-parser.js?v=2.4:351
[  442937ms] [LOG]   [24] 344,130 | 0.00 | 0 @ http://localhost:8765/salary-parser.js?v=2.4:351
[  442937ms] [LOG]   [25] 내 | 34,410 | 28,360 | 0.0 | 0.00 | 0 @ http://localhost:8765/salary-parser.js?v=2.4:351
[  442937ms] [LOG]   [26] 0.00 | 0.00 @ http://localhost:8765/salary-parser.js?v=2.4:351
[  442937ms] [LOG]   [27] 역 @ http://localhost:8765/salary-parser.js?v=2.4:351
[  442937ms] [LOG]   [28] 0.0 | 0.00 | 0.00 | 2,182,780 @ http://localhost:8765/salary-parser.js?v=2.4:351
[  442937ms] [LOG]   [29] 0.00 | 0.00 | 406,900 @ http://localhost:8765/salary-parser.js?v=2.4:351
[  442937ms] [LOG]   [30] 1,775,880 @ http://localhost:8765/salary-parser.js?v=2.4:351
[  442937ms] [LOG]   [31] 교원공제회원번호:J49328 | 사학연금기관번호: | 가183 @ http://localhost:8765/salary-parser.js?v=2.4:351
[  442937ms] [LOG]   [32] 일반직2734 @ http://localhost:8765/salary-parser.js?v=2.4:351
[  442937ms] [LOG]   [33] 가족수당지급대상: @ http://localhost:8765/salary-parser.js?v=2.4:351
[  442937ms] [LOG]   [34] 급여문의 | 단시간2735 @ http://localhost:8765/salary-parser.js?v=2.4:351
[  442937ms] [LOG]   [35] 급여계좌변경:로그인->부서행정->개인정보->인사개인정보->개인급여계좌신청탭클릭->수정정보입력후적용 | 복지팀 @ http://localhost:8765/salary-parser.js?v=2.4:351
[  442937ms] [LOG]   [36] 의사직/ @ http://localhost:8765/salary-parser.js?v=2.4:351
[  442937ms] [LOG]   [37] 환경유지지원직 @ http://localhost:8765/salary-parser.js?v=2.4:351
[  442937ms] [LOG]   [38] 2731 @ http://localhost:8765/salary-parser.js?v=2.4:351
[  442937ms] [LOG]   [39] 휴직,연차,연장근무 | 인사팀3427 @ http://localhost:8765/salary-parser.js?v=2.4:351
[  442937ms] [LOG]   [40] 귀하의노고에진심으로감사드립니다. @ http://localhost:8765/salary-parser.js?v=2.4:351
[  442937ms] [LOG]   [41] 개인번호 | 20842 | 이름 | 김계환 @ http://localhost:8765/salary-parser.js?v=2.4:351
[  442937ms] [LOG]   [42] 근로일수 | 30 | 전월통상임금 | 6,438,850 | 연차평균임금 @ http://localhost:8765/salary-parser.js?v=2.4:351
[  442937ms] [LOG]   [43] 구분 | 항목 | 계산방법 | 지급액 @ http://localhost:8765/salary-parser.js?v=2.4:351
[  442937ms] [LOG]   [44] 지급 | 무급가족돌봄휴가(6,438,850/0X0) | -44,970 @ http://localhost:8765/salary-parser.js?v=2.4:351
[  442937ms] [LOG]   [45] 지급 | 시간외수당 | (6,438,850/209X1.5X0) | 12,860 @ http://localhost:8765/salary-parser.js?v=2.4:351
[  442937ms] [LOG] [PayslipParser] 앵커 행: 지급=2, 공제=16 @ http://localhost:8765/salary-parser.js?v=2.4:516
[  442939ms] [LOG] [PayslipParser] 2-pass 그리드 기반 재병합 완료: 46행 @ http://localhost:8765/salary-parser.js?v=2.4:561
[  442940ms] [LOG] [PayslipParser] 지급 분리: 이름행 6, 금액행 3 @ http://localhost:8765/salary-parser.js?v=2.4:617
[  442940ms] [TABLE] [Object, Object, Object, Object, Object, Object, Object, Object, Object, Object, Object, Object, Object, Object, Object, Object, Object, Object, Object, Object, Object, Object, Object, Object, Object, Object, Object, Object, Object, Object, Object, Object] @ http://localhost:8765/salary-parser.js?v=2.4:619
[  442940ms] [LOG] [PayslipParser] 공제 분리: 이름행 6, 금액행 6 @ http://localhost:8765/salary-parser.js?v=2.4:631
[  442940ms] [TABLE] [Object, Object, Object, Object, Object, Object, Object, Object, Object, Object, Object, Object, Object, Object, Object, Object, Object, Object, Object, Object, Object, Object, Object, Object, Object, Object, Object, Object, Object, Object, Object, Object, Object, Object, Object, Object, Object, Object, Object, Object, Object, Object, Object] @ http://localhost:8765/salary-parser.js?v=2.4:633
[  442941ms] [LOG] [PayslipParser] 글로벌 그리드 매칭: 지급 5건, 공제 3건 @ http://localhost:8765/salary-parser.js?v=2.4:672
[  442941ms] [LOG] [PayslipParser] 총액 검증: 지급 2182780=2182780 ✅ @ http://localhost:8765/salary-parser.js?v=2.4:673
[  442941ms] [LOG] [PayslipParser] 총액 검증: 공제 406900=406900 ✅ @ http://localhost:8765/salary-parser.js?v=2.4:674
[  442941ms] [LOG] [PayslipParser] 총액: 급여=2182780, 공제=406900, 실지급=1775880 @ http://localhost:8765/salary-parser.js?v=2.4:675
[  442941ms] [LOG] [PayslipParser] 신뢰도: 100/100 (method=globalGrid) @ http://localhost:8765/salary-parser.js?v=2.4:711
[  442941ms] [LOG] [DEBUG parsePeriodYearMonth] result={"year":2025,"month":12,"type":"소급분"} payslipType=소급분 @ :11
[  442941ms] [LOG] [DEBUG saveMonthlyData] year=2025 month=12 type=undefined payslipType=소급분 @ :4
