[     567ms] [LOG] [DATA] 월간 재시도 대기 중, static fallback 사용 @ http://localhost:8888/data.js?v=1.3:629
[     571ms] [LOG] 💾 2026년 공휴일 localStorage 캐시 사용 (23건) @ http://localhost:8888/holidays.js?v=1.2:316
[    3920ms] [ERROR] Failed to load resource: the server responded with a status of 404 () @ https://ulamqyarenzjdxlisijl.supabase.co/rest/v1/app_events?columns=%22anon_id%22%2C%22event_type%22%2C%22payload%22%2C%22app_version%22%2C%22user_agent%22%2C%22ts%22:0
[    3920ms] [WARNING] [Telemetry] insert failed: Could not find the table 'public.app_events' in the schema cache @ http://localhost:8888/supabaseClient.js?v=1.5:100
[   45881ms] [ERROR] Connecting to 'https://www.google.com/g/collect?v=2&tid=G-Q4QYNTQHQ8&gtm=45je64a1v9248655343za200zd9248655343&_p=1776135135899&gcd=13l3l3l3l1l1&npa=0&dma=0&_eu=AAAAAAQ&are=1&cid=141273017.1775700182&frm=0&pscdl=noapi&rcb=12&sr=390x844&uaa=arm&uab=64&uafvl=Google%2520Chrome%3B147.0.7727.56%7CNot.A%252FBrand%3B8.0.0.0%7CChromium%3B147.0.7727.56&uam=&uamb=0&uap=macOS&uapv=26.2.0&uaw=0&ul=ko-kr&_s=3&tag_exp=0%7E115616986%7E115938465%7E115938468%7E117266400%7E117884344&sid=1776134673&sct=9&seg=1&dl=http%3A%2F%2Flocalhost%2Findex.html&dt=SNUH+%EB%A9%94%EC%9D%B4%ED%8A%B8+%28SNUH+Mate%29&en=user_engagement&_et=45711&tfd=45826&gaf=1' violates the following Content Security Policy directive: "connect-src 'self' http://localhost:3001 https://*.googleapis.com https://oauth2.googleapis.com https://accounts.google.com https://www.google-analytics.com https://*.supabase.co https://apis.data.go.kr https://api.rss2json.com https://api.openalex.org https://news.google.com https://*.channel.io wss://*.channel.io https://*.sentry.io https://tally.so https://cdn.jsdelivr.net". The action has been blocked. @ https://www.googletagmanager.com/gtag/js?id=G-Q4QYNTQHQ8:230
[   45881ms] [ERROR] Fetch API cannot load https://www.google.com/g/collect?v=2&tid=G-Q4QYNTQHQ8&gtm=45je64a1v9248655343za200zd9248655343&_p=1776135135899&gcd=13l3l3l3l1l1&npa=0&dma=0&_eu=AAAAAAQ&are=1&cid=141273017.1775700182&frm=0&pscdl=noapi&rcb=12&sr=390x844&uaa=arm&uab=64&uafvl=Google%2520Chrome%3B147.0.7727.56%7CNot.A%252FBrand%3B8.0.0.0%7CChromium%3B147.0.7727.56&uam=&uamb=0&uap=macOS&uapv=26.2.0&uaw=0&ul=ko-kr&_s=3&tag_exp=0%7E115616986%7E115938465%7E115938468%7E117266400%7E117884344&sid=1776134673&sct=9&seg=1&dl=http%3A%2F%2Flocalhost%2Findex.html&dt=SNUH+%EB%A9%94%EC%9D%B4%ED%8A%B8+%28SNUH+Mate%29&en=user_engagement&_et=45711&tfd=45826&gaf=1. Refused to connect because it violates the document's Content Security Policy. @ https://www.googletagmanager.com/gtag/js?id=G-Q4QYNTQHQ8:230
[   45911ms] [LOG] [DATA] 월간 재시도 대기 중, static fallback 사용 @ http://localhost:8888/data.js?v=2.5:629
[   45942ms] [ERROR] Failed to load resource: the server responded with a status of 404 (Not Found) @ http://localhost:3001/api/api/regulations/browse:0
[   45942ms] [LOG] [regulation.js] DB browse unavailable, using DATA.handbook fallback: HTTP 404 @ http://localhost:8888/regulation.js?v=2.4:196
[   45985ms] [WARNING] <meta name="apple-mobile-web-app-capable" content="yes"> is deprecated. Please include <meta name="mobile-web-app-capable" content="yes"> @ http://localhost:8888/regulation.html:0
[   46443ms] [WARNING] <meta name="apple-mobile-web-app-capable" content="yes"> is deprecated. Please include <meta name="mobile-web-app-capable" content="yes"> @ http://localhost:8888/cardnews.html:0
[   47700ms] [LOG] [DATA] 월간 재시도 대기 중, static fallback 사용 @ http://localhost:8888/data.js?v=1.3:629
[   47704ms] [LOG] 💾 2026년 공휴일 localStorage 캐시 사용 (23건) @ http://localhost:8888/holidays.js?v=1.2:316
[   50797ms] [ERROR] Failed to load resource: the server responded with a status of 404 () @ https://ulamqyarenzjdxlisijl.supabase.co/rest/v1/app_events?columns=%22anon_id%22%2C%22event_type%22%2C%22payload%22%2C%22app_version%22%2C%22user_agent%22%2C%22ts%22:0
[   50797ms] [WARNING] [Telemetry] insert failed: Could not find the table 'public.app_events' in the schema cache @ http://localhost:8888/supabaseClient.js?v=1.5:100
[   50936ms] [WARNING] <meta name="apple-mobile-web-app-capable" content="yes"> is deprecated. Please include <meta name="mobile-web-app-capable" content="yes"> @ http://localhost:8888/cardnews.html:0
[   64449ms] [LOG] [DATA] 월간 재시도 대기 중, static fallback 사용 @ http://localhost:8888/data.js?v=1.3:629
[   64451ms] [LOG] 💾 2026년 공휴일 localStorage 캐시 사용 (23건) @ http://localhost:8888/holidays.js?v=1.2:316
[   67504ms] [ERROR] Failed to load resource: the server responded with a status of 404 () @ https://ulamqyarenzjdxlisijl.supabase.co/rest/v1/app_events?columns=%22anon_id%22%2C%22event_type%22%2C%22payload%22%2C%22app_version%22%2C%22user_agent%22%2C%22ts%22:0
[   67504ms] [WARNING] [Telemetry] insert failed: Could not find the table 'public.app_events' in the schema cache @ http://localhost:8888/supabaseClient.js?v=1.5:100
[   80520ms] [LOG] [DATA] 월간 재시도 대기 중, static fallback 사용 @ http://localhost:8888/data.js?v=1.3:629
[   80522ms] [LOG] 💾 2026년 공휴일 localStorage 캐시 사용 (23건) @ http://localhost:8888/holidays.js?v=1.2:316
[   83603ms] [ERROR] Failed to load resource: the server responded with a status of 404 () @ https://ulamqyarenzjdxlisijl.supabase.co/rest/v1/app_events?columns=%22anon_id%22%2C%22event_type%22%2C%22payload%22%2C%22app_version%22%2C%22user_agent%22%2C%22ts%22:0
[   83604ms] [WARNING] [Telemetry] insert failed: Could not find the table 'public.app_events' in the schema cache @ http://localhost:8888/supabaseClient.js?v=1.5:100
