[     435ms] [ERROR] Failed to load resource: the server responded with a status of 404 (File not found) @ http://localhost:8765/api/data/bundle:0
[     435ms] [LOG] [DATA] API 로드 실패, static fallback 사용: API 404 @ http://localhost:8765/data.js?v=1.3:638
[     440ms] [LOG] 📋 2026년 공휴일 정적 데이터 사용 (23건) @ http://localhost:8765/holidays.js?v=1.2:331
[     441ms] [LOG] 📋 2026년 기념일 정적 데이터 사용 (5건) @ http://localhost:8765/holidays.js?v=1.2:416
[   28069ms] [LOG] [PayslipParser] PDF 행 그룹핑: 49행 (병합 후) @ http://localhost:8765/salary-parser.js?v=2.4:349
[   28069ms] [LOG]   [0] S101 | 2025년도12월분급여명세서 | 급여지급일: | 2025-12-17 @ http://localhost:8765/salary-parser.js?v=2.4:351
[   28069ms] [LOG]   [1] 개인번호 | 20842 | 성명 | 김계환 | 직종 | 보건직 | 급여연차 | S1-02 | 소속 | 핵의학과 | 입사년월 | 2006-07-05 @ http://localhost:8765/salary-parser.js?v=2.4:351
[   28069ms] [LOG]   [2] 기준기본급 | 정근수당 | 연구보조비 | 진료기여수당(협진) | 성과급 | 급식보조비 | 시간외수당 | 야간근무가산금 | 당직비 | 기타지급1 | 대체근무가산금 @ http://localhost:8765/salary-parser.js?v=2.4:351
[   28069ms] [LOG]   [3] 근속가산기본급 | 명절지원비 | 의학연구비 | 진료비보조 | 기타수당 | 교통보조비 | 휴일수당 | 무급생휴공제 | 주치의수당 | 기타지급2 | 대체근무 @ http://localhost:8765/salary-parser.js?v=2.4:351
[   28069ms] [LOG]   [4] 통상야근수당 @ http://localhost:8765/salary-parser.js?v=2.4:351
[   28069ms] [LOG]   [5] 능력급 | 의업수당 | 진료기여수당 | 조정급 | 직책수당 | 야간수당 | 별정수당(약제부+전문간호 | 군복무수당 | 간호간병특별수당 | 전담야간근무 @ http://localhost:8765/salary-parser.js?v=2.4:351
[   28069ms] [LOG]   [6] 사+기타) | 가산금 @ http://localhost:8765/salary-parser.js?v=2.4:351
[   28069ms] [LOG]   [7] 지 @ http://localhost:8765/salary-parser.js?v=2.4:351
[   28069ms] [LOG]   [8] 상여금 | 진료수당 | 선택진료수당 | 별정수당(직무) | 승급호봉분 | 업무보조비 | 통상야간 | 산전후보전급여 | 육아휴직수당 | 연차수당 | 별정수당5 @ http://localhost:8765/salary-parser.js?v=2.4:351
[   28069ms] [LOG]   [9] 특별상여금 | 임상연구비 | 보직교수기여수당 | 연구장려수당 | 경력인정수당 | 장기근속수당 | 명절수당 | 가족수당 | 무급가족돌봄휴가 | 연차보전수당 @ http://localhost:8765/salary-parser.js?v=2.4:351
[   28069ms] [LOG]   [10] 급 @ http://localhost:8765/salary-parser.js?v=2.4:351
[   28069ms] [LOG]   [11] 가계지원비 | 연구실습비 | 진료기여수당(토요진료) | 진료지원수당 | 의학연구지원금 | 원외근무수당 | 법정공휴일수당자기계발별정수당육아기근로시간단축 | 무급난임휴가 @ http://localhost:8765/salary-parser.js?v=2.4:351
[   28069ms] [LOG]   [12] 2,907,500 | 150,000 @ http://localhost:8765/salary-parser.js?v=2.4:351
[   28069ms] [LOG]   [13] 내 | 214,080 | 150,000 @ http://localhost:8765/salary-parser.js?v=2.4:351
[   28069ms] [LOG]   [14] 1,075,700 | 301,700 @ http://localhost:8765/salary-parser.js?v=2.4:351
[   28069ms] [LOG]   [15] 역 @ http://localhost:8765/salary-parser.js?v=2.4:351
[   28069ms] [LOG]   [16] 157,400 @ http://localhost:8765/salary-parser.js?v=2.4:351
[   28069ms] [LOG]   [17] 80,000 | -214,630 @ http://localhost:8765/salary-parser.js?v=2.4:351
[   28069ms] [LOG]   [18] 934,970 @ http://localhost:8765/salary-parser.js?v=2.4:351
[   28069ms] [LOG]   [19] 소득세 | 국민건강 | 고용보험 | 장학지원금공제 | 병원발전기금 | 전공의협회비 | 식대공제 | 총근로시간 | 시간외근무시간야간근무가산횟수 | 지급연차갯수 @ http://localhost:8765/salary-parser.js?v=2.4:351
[   28070ms] [LOG]   [20] 주민세 | 장기요양 | 고용보험(정산) | 노동조합비 | 후원회비 | 전공의동창회비대학학자금대출상환 | 통상근로시간 | 휴일근무시간 | 대체근무가산횟수 | 사용연차 @ http://localhost:8765/salary-parser.js?v=2.4:351
[   28070ms] [LOG]   [21] 농특세 | 국민연금 | 교원장기급여 | 노조기금 | 의국비 | 기금출연금 | 기타공제1 | 야간근로시간 | 야간근무시간 | 대체근무통상야근시간 | 발생연차 @ http://localhost:8765/salary-parser.js?v=2.4:351
[   28070ms] [LOG]   [22] 공 | 전담야간근무 @ http://localhost:8765/salary-parser.js?v=2.4:351
[   28070ms] [LOG]   [23] 소득세(정산) | 국민건강(정산) | 교원대출상환 | 주차료 | 상조회비 | 사학연금부담금 | 무노동무임금 | 주휴시간 | 통상야근시간 | 가산횟수 | 급여총액 @ http://localhost:8765/salary-parser.js?v=2.4:351
[   28070ms] [LOG]   [24] 주민세(정산) | 장기요양(정산) | 마을금고상환 | 기숙사비 | 의사협회비 | 사학연금대여상환금 | 기타공제3 | 유급휴일 | 명절근무시간 | 무급생휴일 | 공제총액 @ http://localhost:8765/salary-parser.js?v=2.4:351
[   28070ms] [LOG]   [25] 제 | 법정공휴일 @ http://localhost:8765/salary-parser.js?v=2.4:351
[   28070ms] [LOG]   [26] 농특세(정산) | 국민연금(정산) | 채권가압류 | 보육료 | 기금협의회비 | 사학연금정산금 | 근 | 무 | 시 | 간 | 실지급액 @ http://localhost:8765/salary-parser.js?v=2.4:351
[   28070ms] [LOG]   [27] 335,690 | 236,800 | 60,000 | 0.00 | 0 @ http://localhost:8765/salary-parser.js?v=2.4:351
[   28070ms] [LOG]   [28] 내 | 33,560 | 30,660 | 67,110 | 0.0 | 0.00 | 0 @ http://localhost:8765/salary-parser.js?v=2.4:351
[   28070ms] [LOG]   [29] 60,000 | 0.0 | 0.00 | 0.00 @ http://localhost:8765/salary-parser.js?v=2.4:351
[   28070ms] [LOG]   [30] 역 @ http://localhost:8765/salary-parser.js?v=2.4:351
[   28070ms] [LOG]   [31] 433,570 | 619,220 | 0.00 | 0.00 | 5,756,720 @ http://localhost:8765/salary-parser.js?v=2.4:351
[   28070ms] [LOG]   [32] 342,940 | 0.0 | 0.00 | 0.00 | 2,219,550 @ http://localhost:8765/salary-parser.js?v=2.4:351
[   28070ms] [LOG]   [33] 0.00 | 3,537,170 @ http://localhost:8765/salary-parser.js?v=2.4:351
[   28070ms] [LOG]   [34] 교원공제회원번호:J49328 | 사학연금기관번호: | 가183 @ http://localhost:8765/salary-parser.js?v=2.4:351
[   28070ms] [LOG]   [35] 일반직2734 @ http://localhost:8765/salary-parser.js?v=2.4:351
[   28070ms] [LOG]   [36] 가족수당지급대상: @ http://localhost:8765/salary-parser.js?v=2.4:351
[   28070ms] [LOG]   [37] 급여문의 | 단시간2735 @ http://localhost:8765/salary-parser.js?v=2.4:351
[   28070ms] [LOG]   [38] 급여계좌변경:로그인->부서행정->개인정보->인사개인정보->개인급여계좌신청탭클릭->수정정보입력후적용 | 복지팀 @ http://localhost:8765/salary-parser.js?v=2.4:351
[   28070ms] [LOG]   [39] 의사직/ @ http://localhost:8765/salary-parser.js?v=2.4:351
[   28070ms] [LOG]   [40] 환경유지지원직 @ http://localhost:8765/salary-parser.js?v=2.4:351
[   28070ms] [LOG]   [41] 2731 @ http://localhost:8765/salary-parser.js?v=2.4:351
[   28070ms] [LOG]   [42] 휴직,연차,연장근무 | 인사팀3427 @ http://localhost:8765/salary-parser.js?v=2.4:351
[   28070ms] [LOG]   [43] 귀하의노고에진심으로감사드립니다. @ http://localhost:8765/salary-parser.js?v=2.4:351
[   28070ms] [LOG]   [44] 개인번호 | 20842 | 이름 | 김계환 @ http://localhost:8765/salary-parser.js?v=2.4:351
[   28070ms] [LOG]   [45] 근로일수 | 30 | 전월통상임금 | 6,438,850 | 연차평균임금 | 6,438,850 @ http://localhost:8765/salary-parser.js?v=2.4:351
[   28070ms] [LOG]   [46] 구분 | 항목 | 계산방법 | 지급액 @ http://localhost:8765/salary-parser.js?v=2.4:351
[   28070ms] [LOG]   [47] 공제 | 식대공제 | (20X3,000) | 60,000 @ http://localhost:8765/salary-parser.js?v=2.4:351
[   28070ms] [LOG]   [48] 지급 | 무급가족돌봄휴가(6,438,850/0X-1) | -214,630 @ http://localhost:8765/salary-parser.js?v=2.4:351
[   28070ms] [LOG] [PayslipParser] 앵커 행: 지급=2, 공제=19 @ http://localhost:8765/salary-parser.js?v=2.4:516
[   28071ms] [LOG] [PayslipParser] 2-pass 그리드 기반 재병합 완료: 49행 @ http://localhost:8765/salary-parser.js?v=2.4:561
[   28072ms] [LOG] [PayslipParser] 지급 분리: 이름행 6, 금액행 6 @ http://localhost:8765/salary-parser.js?v=2.4:617
[   28072ms] [TABLE] [Object, Object, Object, Object, Object, Object, Object, Object, Object, Object, Object, Object, Object, Object, Object, Object, Object, Object, Object, Object, Object, Object, Object, Object, Object, Object, Object, Object, Object, Object, Object, Object, Object, Object, Object, Object, Object, Object, Object, Object, Object, Object, Object, Object, Object, Object, Object, Object, Object, Object, Object, Object, Object, Object, Object, Object, Object, Object, Object, Object, Object, Object, Object] @ http://localhost:8765/salary-parser.js?v=2.4:619
[   28073ms] [LOG] [PayslipParser] 공제 분리: 이름행 6, 금액행 6 @ http://localhost:8765/salary-parser.js?v=2.4:631
[   28073ms] [TABLE] [Object, Object, Object, Object, Object, Object, Object, Object, Object, Object, Object, Object, Object, Object, Object, Object, Object, Object, Object, Object, Object, Object, Object, Object, Object, Object, Object, Object, Object, Object, Object, Object, Object, Object, Object, Object, Object, Object, Object, Object, Object, Object, Object] @ http://localhost:8765/salary-parser.js?v=2.4:633
[   28073ms] [LOG] [PayslipParser] 글로벌 그리드 매칭: 지급 10건, 공제 10건 @ http://localhost:8765/salary-parser.js?v=2.4:672
[   28073ms] [LOG] [PayslipParser] 총액 검증: 지급 5756720=5756720 ✅ @ http://localhost:8765/salary-parser.js?v=2.4:673
[   28073ms] [LOG] [PayslipParser] 총액 검증: 공제 2219550=2219550 ✅ @ http://localhost:8765/salary-parser.js?v=2.4:674
[   28073ms] [LOG] [PayslipParser] 총액: 급여=5756720, 공제=2219550, 실지급=3537170 @ http://localhost:8765/salary-parser.js?v=2.4:675
[   28073ms] [LOG] [PayslipParser] 신뢰도: 100/100 (method=globalGrid) @ http://localhost:8765/salary-parser.js?v=2.4:711
[  145109ms] [LOG] [PayslipParser] PDF 행 그룹핑: 46행 (병합 후) @ http://localhost:8765/salary-parser.js?v=2.4:349
[  145109ms] [LOG]   [0] S101 | 2025년도12월분급여명세서(소급분) | 급여지급일: | 2025-12-30 @ http://localhost:8765/salary-parser.js?v=2.4:351
[  145109ms] [LOG]   [1] 개인번호 | 20842 | 성명 | 김계환 | 직종 | 보건직 | 급여연차 | S1-02 | 소속 | 핵의학과 | 입사년월 | 2006-07-05 @ http://localhost:8765/salary-parser.js?v=2.4:351
[  145109ms] [LOG]   [2] 기준기본급 | 정근수당 | 연구보조비 | 진료기여수당(협진) | 성과급 | 급식보조비 | 시간외수당 | 야간근무가산금 | 당직비 | 기타지급1 | 대체근무가산금 @ http://localhost:8765/salary-parser.js?v=2.4:351
[  145109ms] [LOG]   [3] 근속가산기본급 | 명절지원비 | 의학연구비 | 진료비보조 | 기타수당 | 교통보조비 | 휴일수당 | 무급생휴공제 | 주치의수당 | 기타지급2 | 대체근무 @ http://localhost:8765/salary-parser.js?v=2.4:351
[  145110ms] [LOG]   [4] 통상야근수당 @ http://localhost:8765/salary-parser.js?v=2.4:351
[  145110ms] [LOG]   [5] 능력급 | 의업수당 | 진료기여수당 | 조정급 | 직책수당 | 야간수당 | 별정수당(약제부+전문간호 | 군복무수당 | 간호간병특별수당 | 전담야간근무 @ http://localhost:8765/salary-parser.js?v=2.4:351
[  145110ms] [LOG]   [6] 사+기타) | 가산금 @ http://localhost:8765/salary-parser.js?v=2.4:351
[  145110ms] [LOG]   [7] 지 @ http://localhost:8765/salary-parser.js?v=2.4:351
[  145110ms] [LOG]   [8] 상여금 | 진료수당 | 선택진료수당 | 별정수당(직무) | 승급호봉분 | 업무보조비 | 통상야간 | 산전후보전급여 | 육아휴직수당 | 연차수당 | 별정수당5 @ http://localhost:8765/salary-parser.js?v=2.4:351
[  145110ms] [LOG]   [9] 특별상여금 | 임상연구비 | 보직교수기여수당 | 연구장려수당 | 경력인정수당 | 장기근속수당 | 명절수당 | 가족수당 | 무급가족돌봄휴가 | 연차보전수당 @ http://localhost:8765/salary-parser.js?v=2.4:351
[  145110ms] [LOG]   [10] 급 @ http://localhost:8765/salary-parser.js?v=2.4:351
[  145110ms] [LOG]   [11] 가계지원비 | 연구실습비 | 진료기여수당(토요진료) | 진료지원수당 | 의학연구지원금 | 원외근무수당 | 법정공휴일수당자기계발별정수당육아기근로시간단축 | 무급난임휴가 @ http://localhost:8765/salary-parser.js?v=2.4:351
[  145110ms] [LOG]   [12] 1,774,000 | 12,860 @ http://localhost:8765/salary-parser.js?v=2.4:351
[  145110ms] [LOG]   [13] 내 | 124,280 | 316,610 @ http://localhost:8765/salary-parser.js?v=2.4:351
[  145110ms] [LOG]   [14] 역 @ http://localhost:8765/salary-parser.js?v=2.4:351
[  145110ms] [LOG]   [15] -44,970 @ http://localhost:8765/salary-parser.js?v=2.4:351
[  145110ms] [LOG]   [16] 소득세 | 국민건강 | 고용보험 | 장학지원금공제 | 병원발전기금 | 전공의협회비 | 식대공제 | 총근로시간 | 시간외근무시간야간근무가산횟수 | 지급연차갯수 @ http://localhost:8765/salary-parser.js?v=2.4:351
[  145110ms] [LOG]   [17] 주민세 | 장기요양 | 고용보험(정산) | 노동조합비 | 후원회비 | 전공의동창회비대학학자금대출상환 | 통상근로시간 | 휴일근무시간 | 대체근무가산횟수 | 사용연차 @ http://localhost:8765/salary-parser.js?v=2.4:351
[  145110ms] [LOG]   [18] 농특세 | 국민연금 | 교원장기급여 | 노조기금 | 의국비 | 기금출연금 | 기타공제1 | 야간근로시간 | 야간근무시간 | 대체근무통상야근시간 | 발생연차 @ http://localhost:8765/salary-parser.js?v=2.4:351
[  145110ms] [LOG]   [19] 공 | 전담야간근무 @ http://localhost:8765/salary-parser.js?v=2.4:351
[  145110ms] [LOG]   [20] 소득세(정산) | 국민건강(정산) | 교원대출상환 | 주차료 | 상조회비 | 사학연금부담금 | 무노동무임금 | 주휴시간 | 통상야근시간 | 가산횟수 | 급여총액 @ http://localhost:8765/salary-parser.js?v=2.4:351
[  145110ms] [LOG]   [21] 주민세(정산) | 장기요양(정산) | 마을금고상환 | 기숙사비 | 의사협회비 | 사학연금대여상환금 | 기타공제3 | 유급휴일 | 명절근무시간 | 무급생휴일 | 공제총액 @ http://localhost:8765/salary-parser.js?v=2.4:351
[  145110ms] [LOG]   [22] 제 | 법정공휴일 @ http://localhost:8765/salary-parser.js?v=2.4:351
[  145110ms] [LOG]   [23] 농특세(정산) | 국민연금(정산) | 채권가압류 | 보육료 | 기금협의회비 | 사학연금정산금 | 근 | 무 | 시 | 간 | 실지급액 @ http://localhost:8765/salary-parser.js?v=2.4:351
[  145110ms] [LOG]   [24] 344,130 | 0.00 | 0 @ http://localhost:8765/salary-parser.js?v=2.4:351
[  145110ms] [LOG]   [25] 내 | 34,410 | 28,360 | 0.0 | 0.00 | 0 @ http://localhost:8765/salary-parser.js?v=2.4:351
[  145110ms] [LOG]   [26] 0.00 | 0.00 @ http://localhost:8765/salary-parser.js?v=2.4:351
[  145110ms] [LOG]   [27] 역 @ http://localhost:8765/salary-parser.js?v=2.4:351
[  145110ms] [LOG]   [28] 0.0 | 0.00 | 0.00 | 2,182,780 @ http://localhost:8765/salary-parser.js?v=2.4:351
[  145110ms] [LOG]   [29] 0.00 | 0.00 | 406,900 @ http://localhost:8765/salary-parser.js?v=2.4:351
[  145110ms] [LOG]   [30] 1,775,880 @ http://localhost:8765/salary-parser.js?v=2.4:351
[  145110ms] [LOG]   [31] 교원공제회원번호:J49328 | 사학연금기관번호: | 가183 @ http://localhost:8765/salary-parser.js?v=2.4:351
[  145110ms] [LOG]   [32] 일반직2734 @ http://localhost:8765/salary-parser.js?v=2.4:351
[  145110ms] [LOG]   [33] 가족수당지급대상: @ http://localhost:8765/salary-parser.js?v=2.4:351
[  145110ms] [LOG]   [34] 급여문의 | 단시간2735 @ http://localhost:8765/salary-parser.js?v=2.4:351
[  145110ms] [LOG]   [35] 급여계좌변경:로그인->부서행정->개인정보->인사개인정보->개인급여계좌신청탭클릭->수정정보입력후적용 | 복지팀 @ http://localhost:8765/salary-parser.js?v=2.4:351
[  145110ms] [LOG]   [36] 의사직/ @ http://localhost:8765/salary-parser.js?v=2.4:351
[  145110ms] [LOG]   [37] 환경유지지원직 @ http://localhost:8765/salary-parser.js?v=2.4:351
[  145110ms] [LOG]   [38] 2731 @ http://localhost:8765/salary-parser.js?v=2.4:351
[  145110ms] [LOG]   [39] 휴직,연차,연장근무 | 인사팀3427 @ http://localhost:8765/salary-parser.js?v=2.4:351
[  145110ms] [LOG]   [40] 귀하의노고에진심으로감사드립니다. @ http://localhost:8765/salary-parser.js?v=2.4:351
[  145110ms] [LOG]   [41] 개인번호 | 20842 | 이름 | 김계환 @ http://localhost:8765/salary-parser.js?v=2.4:351
[  145110ms] [LOG]   [42] 근로일수 | 30 | 전월통상임금 | 6,438,850 | 연차평균임금 @ http://localhost:8765/salary-parser.js?v=2.4:351
[  145110ms] [LOG]   [43] 구분 | 항목 | 계산방법 | 지급액 @ http://localhost:8765/salary-parser.js?v=2.4:351
[  145110ms] [LOG]   [44] 지급 | 무급가족돌봄휴가(6,438,850/0X0) | -44,970 @ http://localhost:8765/salary-parser.js?v=2.4:351
[  145110ms] [LOG]   [45] 지급 | 시간외수당 | (6,438,850/209X1.5X0) | 12,860 @ http://localhost:8765/salary-parser.js?v=2.4:351
[  145110ms] [LOG] [PayslipParser] 앵커 행: 지급=2, 공제=16 @ http://localhost:8765/salary-parser.js?v=2.4:516
[  145111ms] [LOG] [PayslipParser] 2-pass 그리드 기반 재병합 완료: 46행 @ http://localhost:8765/salary-parser.js?v=2.4:561
[  145112ms] [LOG] [PayslipParser] 지급 분리: 이름행 6, 금액행 3 @ http://localhost:8765/salary-parser.js?v=2.4:617
[  145112ms] [TABLE] [Object, Object, Object, Object, Object, Object, Object, Object, Object, Object, Object, Object, Object, Object, Object, Object, Object, Object, Object, Object, Object, Object, Object, Object, Object, Object, Object, Object, Object, Object, Object, Object] @ http://localhost:8765/salary-parser.js?v=2.4:619
[  145113ms] [LOG] [PayslipParser] 공제 분리: 이름행 6, 금액행 6 @ http://localhost:8765/salary-parser.js?v=2.4:631
[  145113ms] [TABLE] [Object, Object, Object, Object, Object, Object, Object, Object, Object, Object, Object, Object, Object, Object, Object, Object, Object, Object, Object, Object, Object, Object, Object, Object, Object, Object, Object, Object, Object, Object, Object, Object, Object, Object, Object, Object, Object, Object, Object, Object, Object, Object, Object] @ http://localhost:8765/salary-parser.js?v=2.4:633
[  145113ms] [LOG] [PayslipParser] 글로벌 그리드 매칭: 지급 5건, 공제 3건 @ http://localhost:8765/salary-parser.js?v=2.4:672
[  145113ms] [LOG] [PayslipParser] 총액 검증: 지급 2182780=2182780 ✅ @ http://localhost:8765/salary-parser.js?v=2.4:673
[  145113ms] [LOG] [PayslipParser] 총액 검증: 공제 406900=406900 ✅ @ http://localhost:8765/salary-parser.js?v=2.4:674
[  145113ms] [LOG] [PayslipParser] 총액: 급여=2182780, 공제=406900, 실지급=1775880 @ http://localhost:8765/salary-parser.js?v=2.4:675
[  145113ms] [LOG] [PayslipParser] 신뢰도: 100/100 (method=globalGrid) @ http://localhost:8765/salary-parser.js?v=2.4:711
[  278741ms] [LOG] [PayslipParser] PDF 행 그룹핑: 49행 (병합 후) @ http://localhost:8765/salary-parser.js?v=2.4:349
[  278741ms] [LOG]   [0] S101 | 2026년도01월분급여명세서 | 급여지급일: | 2026-01-17 @ http://localhost:8765/salary-parser.js?v=2.4:351
[  278741ms] [LOG]   [1] 개인번호 | 20842 | 성명 | 김계환 | 직종 | 보건직 | 급여연차 | S1-03 | 소속 | 핵의학과 | 입사년월 | 2006-07-05 @ http://localhost:8765/salary-parser.js?v=2.4:351
[  278741ms] [LOG]   [2] 기준기본급 | 정근수당 | 연구보조비 | 진료기여수당(협진) | 성과급 | 급식보조비 | 시간외수당 | 야간근무가산금 | 당직비 | 기타지급1 | 대체근무가산금 @ http://localhost:8765/salary-parser.js?v=2.4:351
[  278741ms] [LOG]   [3] 근속가산기본급 | 명절지원비 | 의학연구비 | 진료비보조 | 기타수당 | 교통보조비 | 휴일수당 | 무급생휴공제 | 주치의수당 | 기타지급2 | 대체근무 @ http://localhost:8765/salary-parser.js?v=2.4:351
[  278741ms] [LOG]   [4] 통상야근수당 @ http://localhost:8765/salary-parser.js?v=2.4:351
[  278741ms] [LOG]   [5] 능력급 | 의업수당 | 진료기여수당 | 조정급 | 직책수당 | 야간수당 | 별정수당(약제부+전문간호 | 군복무수당 | 간호간병특별수당 | 전담야간근무 @ http://localhost:8765/salary-parser.js?v=2.4:351
[  278741ms] [LOG]   [6] 사+기타) | 가산금 @ http://localhost:8765/salary-parser.js?v=2.4:351
[  278742ms] [LOG]   [7] 지 @ http://localhost:8765/salary-parser.js?v=2.4:351
[  278742ms] [LOG]   [8] 상여금 | 진료수당 | 선택진료수당 | 별정수당(직무) | 승급호봉분 | 업무보조비 | 통상야간 | 산전후보전급여 | 육아휴직수당 | 연차수당 | 별정수당5 @ http://localhost:8765/salary-parser.js?v=2.4:351
[  278742ms] [LOG]   [9] 특별상여금 | 임상연구비 | 보직교수기여수당 | 연구장려수당 | 경력인정수당 | 장기근속수당 | 명절수당 | 가족수당 | 무급가족돌봄휴가 | 연차보전수당 @ http://localhost:8765/salary-parser.js?v=2.4:351
[  278742ms] [LOG]   [10] 급 @ http://localhost:8765/salary-parser.js?v=2.4:351
[  278742ms] [LOG]   [11] 가계지원비 | 연구실습비 | 진료기여수당(토요진료) | 진료지원수당 | 의학연구지원금 | 원외근무수당 | 법정공휴일수당자기계발별정수당육아기근로시간단축 | 무급난임휴가 @ http://localhost:8765/salary-parser.js?v=2.4:351
[  278742ms] [LOG]   [12] 3,085,900 | 150,000 @ http://localhost:8765/salary-parser.js?v=2.4:351
[  278742ms] [LOG]   [13] 내 | 226,570 | 150,000 @ http://localhost:8765/salary-parser.js?v=2.4:351
[  278742ms] [LOG]   [14] 1,075,700 | 301,700 @ http://localhost:8765/salary-parser.js?v=2.4:351
[  278742ms] [LOG]   [15] 역 @ http://localhost:8765/salary-parser.js?v=2.4:351
[  278742ms] [LOG]   [16] 157,400 | 35,000 @ http://localhost:8765/salary-parser.js?v=2.4:351
[  278742ms] [LOG]   [17] 80,000 | -222,130 @ http://localhost:8765/salary-parser.js?v=2.4:351
[  278742ms] [LOG]   [18] 40,000 @ http://localhost:8765/salary-parser.js?v=2.4:351
[  278742ms] [LOG]   [19] 소득세 | 국민건강 | 고용보험 | 장학지원금공제 | 병원발전기금 | 전공의협회비 | 식대공제 | 총근로시간 | 시간외근무시간야간근무가산횟수 | 지급연차갯수 @ http://localhost:8765/salary-parser.js?v=2.4:351
[  278742ms] [LOG]   [20] 주민세 | 장기요양 | 고용보험(정산) | 노동조합비 | 후원회비 | 전공의동창회비대학학자금대출상환 | 통상근로시간 | 휴일근무시간 | 대체근무가산횟수 | 사용연차 @ http://localhost:8765/salary-parser.js?v=2.4:351
[  278742ms] [LOG]   [21] 농특세 | 국민연금 | 교원장기급여 | 노조기금 | 의국비 | 기금출연금 | 기타공제1 | 야간근로시간 | 야간근무시간 | 대체근무통상야근시간 | 발생연차 @ http://localhost:8765/salary-parser.js?v=2.4:351
[  278742ms] [LOG]   [22] 공 | 전담야간근무 @ http://localhost:8765/salary-parser.js?v=2.4:351
[  278742ms] [LOG]   [23] 소득세(정산) | 국민건강(정산) | 교원대출상환 | 주차료 | 상조회비 | 사학연금부담금 | 기타공제2 | 주휴시간 | 통상야근시간 | 가산횟수 | 급여총액 @ http://localhost:8765/salary-parser.js?v=2.4:351
[  278742ms] [LOG]   [24] 주민세(정산) | 장기요양(정산) | 마을금고상환 | 기숙사비 | 의사협회비 | 사학연금대여상환금 | 기타공제3 | 유급휴일 | 명절근무시간 | 무급생휴일 | 공제총액 @ http://localhost:8765/salary-parser.js?v=2.4:351
[  278742ms] [LOG]   [25] 제 | 법정공휴일 @ http://localhost:8765/salary-parser.js?v=2.4:351
[  278742ms] [LOG]   [26] 농특세(정산) | 국민연금(정산) | 채권가압류 | 보육료 | 기금협의회비 | 사학연금정산금 | 근 | 무 | 시 | 간 | 실지급액 @ http://localhost:8765/salary-parser.js?v=2.4:351
[  278742ms] [LOG]   [27] 474,260 | 236,800 | 51,000 | 0.00 | 0 @ http://localhost:8765/salary-parser.js?v=2.4:351
[  278742ms] [LOG]   [28] 내 | 47,420 | 30,660 | 69,960 | 0.0 | 0.00 | 0 @ http://localhost:8765/salary-parser.js?v=2.4:351
[  278742ms] [LOG]   [29] 60,000 | 0.0 | 0.00 | 0.00 @ http://localhost:8765/salary-parser.js?v=2.4:351
[  278742ms] [LOG]   [30] 역 @ http://localhost:8765/salary-parser.js?v=2.4:351
[  278742ms] [LOG]   [31] 433,570 | 24,000 | 619,220 | 0.00 | 0.00 | 5,080,140 @ http://localhost:8765/salary-parser.js?v=2.4:351
[  278742ms] [LOG]   [32] 343,160 | 0.0 | 0.00 | 0.00 | 2,390,050 @ http://localhost:8765/salary-parser.js?v=2.4:351
[  278742ms] [LOG]   [33] 0.00 | 2,690,090 @ http://localhost:8765/salary-parser.js?v=2.4:351
[  278742ms] [LOG]   [34] 교원공제회원번호:J49328 | 사학연금기관번호: | 가183 @ http://localhost:8765/salary-parser.js?v=2.4:351
[  278742ms] [LOG]   [35] 일반직2734 @ http://localhost:8765/salary-parser.js?v=2.4:351
[  278742ms] [LOG]   [36] 가족수당지급대상: @ http://localhost:8765/salary-parser.js?v=2.4:351
[  278742ms] [LOG]   [37] 급여문의 | 단시간2735 @ http://localhost:8765/salary-parser.js?v=2.4:351
[  278742ms] [LOG]   [38] 급여계좌변경:로그인->부서행정->개인정보->인사개인정보->개인급여계좌신청탭클릭->수정정보입력후적용 | 복지팀 @ http://localhost:8765/salary-parser.js?v=2.4:351
[  278742ms] [LOG]   [39] 의사직/ @ http://localhost:8765/salary-parser.js?v=2.4:351
[  278742ms] [LOG]   [40] 환경유지지원직 @ http://localhost:8765/salary-parser.js?v=2.4:351
[  278742ms] [LOG]   [41] 2731 @ http://localhost:8765/salary-parser.js?v=2.4:351
[  278742ms] [LOG]   [42] 휴직,연차,연장근무 | 인사팀3427 @ http://localhost:8765/salary-parser.js?v=2.4:351
[  278742ms] [LOG]   [43] 귀하의노고에진심으로감사드립니다. @ http://localhost:8765/salary-parser.js?v=2.4:351
[  278742ms] [LOG]   [44] 개인번호 | 20842 | 이름 | 김계환 @ http://localhost:8765/salary-parser.js?v=2.4:351
[  278742ms] [LOG]   [45] 근로일수 | 30 | 전월통상임금 | 6,663,980 | 연차평균임금 | 6,736,550 @ http://localhost:8765/salary-parser.js?v=2.4:351
[  278742ms] [LOG]   [46] 구분 | 항목 | 계산방법 | 지급액 @ http://localhost:8765/salary-parser.js?v=2.4:351
[  278742ms] [LOG]   [47] 공제 | 식대공제 | (17X3,000) | 51,000 @ http://localhost:8765/salary-parser.js?v=2.4:351
[  278742ms] [LOG]   [48] 지급 | 무급가족돌봄휴가(6,663,980/0X-1) | -222,130 @ http://localhost:8765/salary-parser.js?v=2.4:351
[  278742ms] [LOG] [PayslipParser] 앵커 행: 지급=2, 공제=19 @ http://localhost:8765/salary-parser.js?v=2.4:516
[  278743ms] [LOG] [PayslipParser] 2-pass 그리드 기반 재병합 완료: 49행 @ http://localhost:8765/salary-parser.js?v=2.4:561
[  278744ms] [LOG] [PayslipParser] 지급 분리: 이름행 6, 금액행 6 @ http://localhost:8765/salary-parser.js?v=2.4:617
[  278744ms] [TABLE] [Object, Object, Object, Object, Object, Object, Object, Object, Object, Object, Object, Object, Object, Object, Object, Object, Object, Object, Object, Object, Object, Object, Object, Object, Object, Object, Object, Object, Object, Object, Object, Object, Object, Object, Object, Object, Object, Object, Object, Object, Object, Object, Object, Object, Object, Object, Object, Object, Object, Object, Object, Object, Object, Object, Object, Object, Object, Object, Object, Object, Object, Object, Object] @ http://localhost:8765/salary-parser.js?v=2.4:619
[  278744ms] [LOG] [PayslipParser] 공제 분리: 이름행 6, 금액행 6 @ http://localhost:8765/salary-parser.js?v=2.4:631
[  278745ms] [TABLE] [Object, Object, Object, Object, Object, Object, Object, Object, Object, Object, Object, Object, Object, Object, Object, Object, Object, Object, Object, Object, Object, Object, Object, Object, Object, Object, Object, Object, Object, Object, Object, Object, Object, Object, Object, Object, Object, Object, Object, Object, Object, Object, Object] @ http://localhost:8765/salary-parser.js?v=2.4:633
[  278745ms] [LOG] [PayslipParser] 글로벌 그리드 매칭: 지급 11건, 공제 11건 @ http://localhost:8765/salary-parser.js?v=2.4:672
[  278745ms] [LOG] [PayslipParser] 총액 검증: 지급 5080140=5080140 ✅ @ http://localhost:8765/salary-parser.js?v=2.4:673
[  278745ms] [LOG] [PayslipParser] 총액 검증: 공제 2390050=2390050 ✅ @ http://localhost:8765/salary-parser.js?v=2.4:674
[  278745ms] [LOG] [PayslipParser] 총액: 급여=5080140, 공제=2390050, 실지급=2690090 @ http://localhost:8765/salary-parser.js?v=2.4:675
[  278745ms] [LOG] [PayslipParser] 신뢰도: 100/100 (method=globalGrid) @ http://localhost:8765/salary-parser.js?v=2.4:711
[  287657ms] [LOG] [PayslipParser] PDF 행 그룹핑: 44행 (병합 후) @ http://localhost:8765/salary-parser.js?v=2.4:349
[  287657ms] [LOG]   [0] S101 | 2026년도01월분급여명세서(연차수당) | 급여지급일: | 2026-01-10 @ http://localhost:8765/salary-parser.js?v=2.4:351
[  287657ms] [LOG]   [1] 개인번호 | 20842 | 성명 | 김계환 | 직종 | 보건직 | 급여연차 | S1-02 | 소속 | 핵의학과 | 입사년월 | 2006-07-05 @ http://localhost:8765/salary-parser.js?v=2.4:351
[  287657ms] [LOG]   [2] 기준기본급 | 정근수당 | 연구보조비 | 진료기여수당(협진) | 성과급 | 급식보조비 | 시간외수당 | 야간근무가산금 | 당직비 | 기타지급1 | 대체근무가산금 @ http://localhost:8765/salary-parser.js?v=2.4:351
[  287657ms] [LOG]   [3] 근속가산기본급 | 명절지원비 | 의학연구비 | 진료비보조 | 기타수당 | 교통보조비 | 휴일수당 | 무급생휴공제 | 주치의수당 | 기타지급2 | 대체근무 @ http://localhost:8765/salary-parser.js?v=2.4:351
[  287657ms] [LOG]   [4] 통상야근수당 @ http://localhost:8765/salary-parser.js?v=2.4:351
[  287657ms] [LOG]   [5] 능력급 | 의업수당 | 진료기여수당 | 조정급 | 직책수당 | 야간수당 | 별정수당(약제부+전문간호 | 군복무수당 | 간호간병특별수당 | 전담야간근무 @ http://localhost:8765/salary-parser.js?v=2.4:351
[  287657ms] [LOG]   [6] 사+기타) | 가산금 @ http://localhost:8765/salary-parser.js?v=2.4:351
[  287657ms] [LOG]   [7] 지 @ http://localhost:8765/salary-parser.js?v=2.4:351
[  287657ms] [LOG]   [8] 상여금 | 진료수당 | 선택진료수당 | 별정수당(직무) | 승급호봉분 | 업무보조비 | 통상야간 | 산전후보전급여 | 육아휴직수당 | 연차수당 | 별정수당5 @ http://localhost:8765/salary-parser.js?v=2.4:351
[  287657ms] [LOG]   [9] 특별상여금 | 임상연구비 | 보직교수기여수당 | 연구장려수당 | 경력인정수당 | 장기근속수당 | 명절수당 | 가족수당 | 무급가족돌봄휴가 | 연차보전수당 @ http://localhost:8765/salary-parser.js?v=2.4:351
[  287657ms] [LOG]   [10] 급 @ http://localhost:8765/salary-parser.js?v=2.4:351
[  287658ms] [LOG]   [11] 가계지원비 | 연구실습비 | 진료기여수당(토요진료) | 진료지원수당 | 의학연구지원금 | 원외근무수당 | 법정공휴일수당자기계발별정수당육아기근로시간단축 | 무급난임휴가 @ http://localhost:8765/salary-parser.js?v=2.4:351
[  287658ms] [LOG]   [12] 내 @ http://localhost:8765/salary-parser.js?v=2.4:351
[  287658ms] [LOG]   [13] 역 @ http://localhost:8765/salary-parser.js?v=2.4:351
[  287658ms] [LOG]   [14] 3,124,740 @ http://localhost:8765/salary-parser.js?v=2.4:351
[  287658ms] [LOG]   [15] 소득세 | 국민건강 | 고용보험 | 장학지원금공제 | 병원발전기금 | 전공의협회비 | 식대공제 | 총근로시간 | 시간외근무시간야간근무가산횟수 | 지급연차갯수 @ http://localhost:8765/salary-parser.js?v=2.4:351
[  287658ms] [LOG]   [16] 주민세 | 장기요양 | 고용보험(정산) | 노동조합비 | 후원회비 | 전공의동창회비대학학자금대출상환 | 통상근로시간 | 휴일근무시간 | 대체근무가산횟수 | 사용연차 @ http://localhost:8765/salary-parser.js?v=2.4:351
[  287658ms] [LOG]   [17] 농특세 | 국민연금 | 교원장기급여 | 노조기금 | 의국비 | 기금출연금 | 기타공제1 | 야간근로시간 | 야간근무시간 | 대체근무통상야근시간 | 발생연차 @ http://localhost:8765/salary-parser.js?v=2.4:351
[  287658ms] [LOG]   [18] 공 | 전담야간근무 @ http://localhost:8765/salary-parser.js?v=2.4:351
[  287658ms] [LOG]   [19] 소득세(정산) | 국민건강(정산) | 교원대출상환 | 주차료 | 상조회비 | 사학연금부담금 | 기타공제2 | 주휴시간 | 통상야근시간 | 가산횟수 | 급여총액 @ http://localhost:8765/salary-parser.js?v=2.4:351
[  287658ms] [LOG]   [20] 주민세(정산) | 장기요양(정산) | 마을금고상환 | 기숙사비 | 의사협회비 | 사학연금대여상환금 | 기타공제3 | 유급휴일 | 명절근무시간 | 무급생휴일 | 공제총액 @ http://localhost:8765/salary-parser.js?v=2.4:351
[  287658ms] [LOG]   [21] 제 | 법정공휴일 @ http://localhost:8765/salary-parser.js?v=2.4:351
[  287658ms] [LOG]   [22] 농특세(정산) | 국민연금(정산) | 채권가압류 | 보육료 | 기금협의회비 | 사학연금정산금 | 근 | 무 | 시 | 간 | 실지급액 @ http://localhost:8765/salary-parser.js?v=2.4:351
[  287658ms] [LOG]   [23] 298,850 | 12.25 @ http://localhost:8765/salary-parser.js?v=2.4:351
[  287658ms] [LOG]   [24] 내 | 29,880 | 11.75 @ http://localhost:8765/salary-parser.js?v=2.4:351
[  287658ms] [LOG]   [25] 0.00 | 24.00 @ http://localhost:8765/salary-parser.js?v=2.4:351
[  287658ms] [LOG]   [26] 역 @ http://localhost:8765/salary-parser.js?v=2.4:351
[  287658ms] [LOG]   [27] 0.00 | 3,124,740 @ http://localhost:8765/salary-parser.js?v=2.4:351
[  287658ms] [LOG]   [28] 328,730 @ http://localhost:8765/salary-parser.js?v=2.4:351
[  287658ms] [LOG]   [29] 2,796,010 @ http://localhost:8765/salary-parser.js?v=2.4:351
[  287658ms] [LOG]   [30] 교원공제회원번호:J49328 | 사학연금기관번호: | 가183 @ http://localhost:8765/salary-parser.js?v=2.4:351
[  287658ms] [LOG]   [31] 일반직2734 @ http://localhost:8765/salary-parser.js?v=2.4:351
[  287658ms] [LOG]   [32] 가족수당지급대상: @ http://localhost:8765/salary-parser.js?v=2.4:351
[  287658ms] [LOG]   [33] 급여문의 | 단시간2735 @ http://localhost:8765/salary-parser.js?v=2.4:351
[  287658ms] [LOG]   [34] 급여계좌변경:로그인->부서행정->개인정보->인사개인정보->개인급여계좌신청탭클릭->수정정보입력후적용 | 복지팀 @ http://localhost:8765/salary-parser.js?v=2.4:351
[  287658ms] [LOG]   [35] 의사직/ @ http://localhost:8765/salary-parser.js?v=2.4:351
[  287658ms] [LOG]   [36] 환경유지지원직 @ http://localhost:8765/salary-parser.js?v=2.4:351
[  287658ms] [LOG]   [37] 2731 @ http://localhost:8765/salary-parser.js?v=2.4:351
[  287658ms] [LOG]   [38] 휴직,연차,연장근무 | 인사팀3427 @ http://localhost:8765/salary-parser.js?v=2.4:351
[  287658ms] [LOG]   [39] 귀하의노고에진심으로감사드립니다. @ http://localhost:8765/salary-parser.js?v=2.4:351
[  287658ms] [LOG]   [40] 개인번호 | 20842 | 이름 | 김계환 @ http://localhost:8765/salary-parser.js?v=2.4:351
[  287658ms] [LOG]   [41] 근로일수 | 30 | 전월통상임금 | 6,663,980 | 연차평균임금 | 6,663,980 @ http://localhost:8765/salary-parser.js?v=2.4:351
[  287658ms] [LOG]   [42] 구분 | 항목 | 계산방법 | 지급액 @ http://localhost:8765/salary-parser.js?v=2.4:351
[  287658ms] [LOG]   [43] 지급 | 연차수당 | (6,663,980/26.125X12.25)+0) | 3,124,740 @ http://localhost:8765/salary-parser.js?v=2.4:351
[  287658ms] [LOG] [PayslipParser] 앵커 행: 지급=2, 공제=15 @ http://localhost:8765/salary-parser.js?v=2.4:516
[  287659ms] [LOG] [PayslipParser] 2-pass 그리드 기반 재병합 완료: 44행 @ http://localhost:8765/salary-parser.js?v=2.4:561
[  287660ms] [LOG] [PayslipParser] 지급 분리: 이름행 6, 금액행 1 @ http://localhost:8765/salary-parser.js?v=2.4:617
[  287660ms] [TABLE] [Object, Object, Object, Object, Object, Object, Object, Object, Object, Object, Object] @ http://localhost:8765/salary-parser.js?v=2.4:619
[  287660ms] [LOG] [PayslipParser] 공제 분리: 이름행 6, 금액행 6 @ http://localhost:8765/salary-parser.js?v=2.4:631
[  287660ms] [TABLE] [Object, Object, Object, Object, Object, Object, Object, Object, Object, Object, Object, Object, Object, Object, Object, Object, Object, Object, Object, Object, Object, Object, Object, Object, Object, Object, Object, Object, Object, Object, Object, Object, Object, Object, Object, Object, Object, Object, Object, Object, Object, Object, Object] @ http://localhost:8765/salary-parser.js?v=2.4:633
[  287660ms] [LOG] [PayslipParser] 글로벌 그리드 매칭: 지급 1건, 공제 2건 @ http://localhost:8765/salary-parser.js?v=2.4:672
[  287660ms] [LOG] [PayslipParser] 총액 검증: 지급 3124740=3124740 ✅ @ http://localhost:8765/salary-parser.js?v=2.4:673
[  287660ms] [LOG] [PayslipParser] 총액 검증: 공제 328730=328730 ✅ @ http://localhost:8765/salary-parser.js?v=2.4:674
[  287660ms] [LOG] [PayslipParser] 총액: 급여=3124740, 공제=328730, 실지급=2796010 @ http://localhost:8765/salary-parser.js?v=2.4:675
[  287660ms] [LOG] [PayslipParser] 신뢰도: 100/100 (method=globalGrid) @ http://localhost:8765/salary-parser.js?v=2.4:711
