[    1254ms] [ERROR] Failed to load resource: the server responded with a status of 404 (Not Found) @ http://localhost:8090/api/data/bundle:0
[    1254ms] [LOG] [DATA] API 로드 실패, static fallback 사용: API 404 @ http://localhost:8090/data.js?v=1.2:578
[    1733ms] [WARNING] <meta name="apple-mobile-web-app-capable" content="yes"> is deprecated. Please include <meta name="mobile-web-app-capable" content="yes"> @ http://localhost:8090/:0
[    1793ms] [LOG] ✅ 2026년 공휴일 API 로드 성공 (22건) @ http://localhost:8090/holidays.js?v=1.1:264
[    1827ms] [ERROR] Failed to load resource: the server responded with a status of 403 (Forbidden) @ https://apis.data.go.kr/B090041/openapi/service/SpcdeInfoService/getAnniversaryInfo?ServiceKey=590ecdf5a2e2ea517c853271d834f47f0d0cef966ec408e467106f063aa49e2c&solYear=2026&numOfRows=100&_type=json:0
[    1827ms] [WARNING] API getAnniversaryInfo 실패 (2026): HTTP 403 @ http://localhost:8090/holidays.js?v=1.1:173
[    1828ms] [LOG] 📋 2026년 기념일 정적 데이터 사용 (5건) @ http://localhost:8090/holidays.js?v=1.1:315
[    1907ms] [LOG] ✅ 2026년 공휴일 API 로드 성공 (22건) @ http://localhost:8090/holidays.js?v=1.1:264
[    4359ms] [LOG] ✅ 2026년 공휴일 API 로드 성공 (22건) @ http://localhost:8090/holidays.js?v=1.1:264
[ 2861086ms] [ERROR] Failed to load resource: the server responded with a status of 404 (Not Found) @ http://localhost:8090/api/data/bundle:0
[ 2861086ms] [LOG] [DATA] API 로드 실패, static fallback 사용: API 404 @ http://localhost:8090/data.js?v=1.2:578
[ 2861088ms] [LOG] 💾 2026년 공휴일 localStorage 캐시 사용 (23건) @ http://localhost:8090/holidays.js?v=1.1:252
[ 2861523ms] [ERROR] Failed to load resource: the server responded with a status of 403 (Forbidden) @ https://apis.data.go.kr/B090041/openapi/service/SpcdeInfoService/getAnniversaryInfo?ServiceKey=590ecdf5a2e2ea517c853271d834f47f0d0cef966ec408e467106f063aa49e2c&solYear=2026&numOfRows=100&_type=json:0
[ 2861524ms] [WARNING] API getAnniversaryInfo 실패 (2026): HTTP 403 @ http://localhost:8090/holidays.js?v=1.1:173
[ 2861524ms] [LOG] 📋 2026년 기념일 정적 데이터 사용 (5건) @ http://localhost:8090/holidays.js?v=1.1:315
[ 2861531ms] [ERROR] Failed to load resource: the server responded with a status of 403 (Forbidden) @ https://apis.data.go.kr/B090041/openapi/service/SpcdeInfoService/getAnniversaryInfo?ServiceKey=590ecdf5a2e2ea517c853271d834f47f0d0cef966ec408e467106f063aa49e2c&solYear=2026&numOfRows=100&_type=json:0
[ 2861531ms] [WARNING] API getAnniversaryInfo 실패 (2026): HTTP 403 @ http://localhost:8090/holidays.js?v=1.1:173
[ 2861531ms] [LOG] 📋 2026년 기념일 정적 데이터 사용 (5건) @ http://localhost:8090/holidays.js?v=1.1:315
[ 2861649ms] [WARNING] <meta name="apple-mobile-web-app-capable" content="yes"> is deprecated. Please include <meta name="mobile-web-app-capable" content="yes"> @ http://localhost:8090/:0
[ 2862931ms] [ERROR] Failed to load resource: the server responded with a status of 403 (Forbidden) @ https://apis.data.go.kr/B090041/openapi/service/SpcdeInfoService/getAnniversaryInfo?ServiceKey=590ecdf5a2e2ea517c853271d834f47f0d0cef966ec408e467106f063aa49e2c&solYear=2026&numOfRows=100&_type=json:0
[ 2862931ms] [WARNING] API getAnniversaryInfo 실패 (2026): HTTP 403 @ http://localhost:8090/holidays.js?v=1.1:173
[ 2862931ms] [LOG] 📋 2026년 기념일 정적 데이터 사용 (5건) @ http://localhost:8090/holidays.js?v=1.1:315
[ 2887748ms] [LOG] 💾 2026년 공휴일 localStorage 캐시 사용 (23건) @ http://localhost:8090/holidays.js?v=1.1:252
[ 2887751ms] [ERROR] Failed to load resource: the server responded with a status of 404 (Not Found) @ http://localhost:8090/api/data/bundle:0
[ 2887751ms] [LOG] [DATA] API 로드 실패, static fallback 사용: API 404 @ http://localhost:8090/data.js?v=1.2:578
[ 2887764ms] [ERROR] Failed to load resource: the server responded with a status of 403 (Forbidden) @ https://apis.data.go.kr/B090041/openapi/service/SpcdeInfoService/getAnniversaryInfo?ServiceKey=590ecdf5a2e2ea517c853271d834f47f0d0cef966ec408e467106f063aa49e2c&solYear=2026&numOfRows=100&_type=json:0
[ 2887764ms] [WARNING] API getAnniversaryInfo 실패 (2026): HTTP 403 @ http://localhost:8090/holidays.js?v=1.1:173
[ 2887764ms] [LOG] 📋 2026년 기념일 정적 데이터 사용 (5건) @ http://localhost:8090/holidays.js?v=1.1:315
[ 2887913ms] [WARNING] <meta name="apple-mobile-web-app-capable" content="yes"> is deprecated. Please include <meta name="mobile-web-app-capable" content="yes"> @ http://localhost:8090/:0
[ 2888932ms] [ERROR] Failed to load resource: the server responded with a status of 403 (Forbidden) @ https://apis.data.go.kr/B090041/openapi/service/SpcdeInfoService/getAnniversaryInfo?ServiceKey=590ecdf5a2e2ea517c853271d834f47f0d0cef966ec408e467106f063aa49e2c&solYear=2026&numOfRows=100&_type=json:0
[ 2888932ms] [WARNING] API getAnniversaryInfo 실패 (2026): HTTP 403 @ http://localhost:8090/holidays.js?v=1.1:173
[ 2888932ms] [LOG] 📋 2026년 기념일 정적 데이터 사용 (5건) @ http://localhost:8090/holidays.js?v=1.1:315
[ 2888933ms] [ERROR] Failed to load resource: the server responded with a status of 403 (Forbidden) @ https://apis.data.go.kr/B090041/openapi/service/SpcdeInfoService/getAnniversaryInfo?ServiceKey=590ecdf5a2e2ea517c853271d834f47f0d0cef966ec408e467106f063aa49e2c&solYear=2026&numOfRows=100&_type=json:0
[ 2888933ms] [WARNING] API getAnniversaryInfo 실패 (2026): HTTP 403 @ http://localhost:8090/holidays.js?v=1.1:173
[ 2888933ms] [LOG] 📋 2026년 기념일 정적 데이터 사용 (5건) @ http://localhost:8090/holidays.js?v=1.1:315
[ 3003376ms] [ERROR] Failed to load resource: the server responded with a status of 404 (Not Found) @ http://localhost:8090/api/data/bundle:0
[ 3003376ms] [LOG] [DATA] API 로드 실패, static fallback 사용: API 404 @ http://localhost:8090/data.js?v=1.2:578
[ 3003377ms] [LOG] 💾 2026년 공휴일 localStorage 캐시 사용 (23건) @ http://localhost:8090/holidays.js?v=1.1:252
[ 3003389ms] [ERROR] Failed to load resource: the server responded with a status of 403 (Forbidden) @ https://apis.data.go.kr/B090041/openapi/service/SpcdeInfoService/getAnniversaryInfo?ServiceKey=590ecdf5a2e2ea517c853271d834f47f0d0cef966ec408e467106f063aa49e2c&solYear=2026&numOfRows=100&_type=json:0
[ 3003389ms] [WARNING] API getAnniversaryInfo 실패 (2026): HTTP 403 @ http://localhost:8090/holidays.js?v=1.1:173
[ 3003389ms] [LOG] 📋 2026년 기념일 정적 데이터 사용 (5건) @ http://localhost:8090/holidays.js?v=1.1:315
[ 3003398ms] [ERROR] Failed to load resource: the server responded with a status of 403 (Forbidden) @ https://apis.data.go.kr/B090041/openapi/service/SpcdeInfoService/getAnniversaryInfo?ServiceKey=590ecdf5a2e2ea517c853271d834f47f0d0cef966ec408e467106f063aa49e2c&solYear=2026&numOfRows=100&_type=json:0
[ 3003398ms] [WARNING] API getAnniversaryInfo 실패 (2026): HTTP 403 @ http://localhost:8090/holidays.js?v=1.1:173
[ 3003398ms] [LOG] 📋 2026년 기념일 정적 데이터 사용 (5건) @ http://localhost:8090/holidays.js?v=1.1:315
[ 3003400ms] [ERROR] Failed to load resource: the server responded with a status of 403 (Forbidden) @ https://apis.data.go.kr/B090041/openapi/service/SpcdeInfoService/getAnniversaryInfo?ServiceKey=590ecdf5a2e2ea517c853271d834f47f0d0cef966ec408e467106f063aa49e2c&solYear=2026&numOfRows=100&_type=json:0
[ 3003400ms] [WARNING] API getAnniversaryInfo 실패 (2026): HTTP 403 @ http://localhost:8090/holidays.js?v=1.1:173
[ 3003401ms] [LOG] 📋 2026년 기념일 정적 데이터 사용 (5건) @ http://localhost:8090/holidays.js?v=1.1:315
[ 3003556ms] [WARNING] <meta name="apple-mobile-web-app-capable" content="yes"> is deprecated. Please include <meta name="mobile-web-app-capable" content="yes"> @ http://localhost:8090/:0
[ 3012523ms] [ERROR] Failed to load resource: the server responded with a status of 404 (Not Found) @ http://localhost:8090/api/data/bundle:0
[ 3012523ms] [LOG] [DATA] API 로드 실패, static fallback 사용: API 404 @ http://localhost:8090/data.js?v=1.2:578
[ 3012524ms] [LOG] 💾 2026년 공휴일 localStorage 캐시 사용 (23건) @ http://localhost:8090/holidays.js?v=1.1:252
[ 3012546ms] [ERROR] Failed to load resource: the server responded with a status of 403 (Forbidden) @ https://apis.data.go.kr/B090041/openapi/service/SpcdeInfoService/getAnniversaryInfo?ServiceKey=590ecdf5a2e2ea517c853271d834f47f0d0cef966ec408e467106f063aa49e2c&solYear=2026&numOfRows=100&_type=json:0
[ 3012546ms] [WARNING] API getAnniversaryInfo 실패 (2026): HTTP 403 @ http://localhost:8090/holidays.js?v=1.1:173
[ 3012546ms] [LOG] 📋 2026년 기념일 정적 데이터 사용 (5건) @ http://localhost:8090/holidays.js?v=1.1:315
[ 3012548ms] [ERROR] Failed to load resource: the server responded with a status of 403 (Forbidden) @ https://apis.data.go.kr/B090041/openapi/service/SpcdeInfoService/getAnniversaryInfo?ServiceKey=590ecdf5a2e2ea517c853271d834f47f0d0cef966ec408e467106f063aa49e2c&solYear=2026&numOfRows=100&_type=json:0
[ 3012548ms] [WARNING] API getAnniversaryInfo 실패 (2026): HTTP 403 @ http://localhost:8090/holidays.js?v=1.1:173
[ 3012548ms] [LOG] 📋 2026년 기념일 정적 데이터 사용 (5건) @ http://localhost:8090/holidays.js?v=1.1:315
[ 3012688ms] [WARNING] <meta name="apple-mobile-web-app-capable" content="yes"> is deprecated. Please include <meta name="mobile-web-app-capable" content="yes"> @ http://localhost:8090/:0
[ 3014271ms] [ERROR] Failed to load resource: the server responded with a status of 403 (Forbidden) @ https://apis.data.go.kr/B090041/openapi/service/SpcdeInfoService/getAnniversaryInfo?ServiceKey=590ecdf5a2e2ea517c853271d834f47f0d0cef966ec408e467106f063aa49e2c&solYear=2026&numOfRows=100&_type=json:0
[ 3014271ms] [WARNING] API getAnniversaryInfo 실패 (2026): HTTP 403 @ http://localhost:8090/holidays.js?v=1.1:173
[ 3014272ms] [LOG] 📋 2026년 기념일 정적 데이터 사용 (5건) @ http://localhost:8090/holidays.js?v=1.1:315
[ 3018064ms] [ERROR] Failed to load resource: the server responded with a status of 404 (Not Found) @ http://localhost:8090/api/data/bundle:0
[ 3018064ms] [LOG] [DATA] API 로드 실패, static fallback 사용: API 404 @ http://localhost:8090/data.js?v=1.2:578
[ 3018065ms] [LOG] 💾 2026년 공휴일 localStorage 캐시 사용 (23건) @ http://localhost:8090/holidays.js?v=1.1:252
[ 3018090ms] [ERROR] Failed to load resource: the server responded with a status of 403 (Forbidden) @ https://apis.data.go.kr/B090041/openapi/service/SpcdeInfoService/getAnniversaryInfo?ServiceKey=590ecdf5a2e2ea517c853271d834f47f0d0cef966ec408e467106f063aa49e2c&solYear=2026&numOfRows=100&_type=json:0
[ 3018090ms] [WARNING] API getAnniversaryInfo 실패 (2026): HTTP 403 @ http://localhost:8090/holidays.js?v=1.1:173
[ 3018090ms] [LOG] 📋 2026년 기념일 정적 데이터 사용 (5건) @ http://localhost:8090/holidays.js?v=1.1:315
[ 3018235ms] [WARNING] <meta name="apple-mobile-web-app-capable" content="yes"> is deprecated. Please include <meta name="mobile-web-app-capable" content="yes"> @ http://localhost:8090/:0
[ 3018331ms] [ERROR] Failed to load resource: the server responded with a status of 403 (Forbidden) @ https://apis.data.go.kr/B090041/openapi/service/SpcdeInfoService/getAnniversaryInfo?ServiceKey=590ecdf5a2e2ea517c853271d834f47f0d0cef966ec408e467106f063aa49e2c&solYear=2026&numOfRows=100&_type=json:0
[ 3018331ms] [WARNING] API getAnniversaryInfo 실패 (2026): HTTP 403 @ http://localhost:8090/holidays.js?v=1.1:173
[ 3018331ms] [LOG] 📋 2026년 기념일 정적 데이터 사용 (5건) @ http://localhost:8090/holidays.js?v=1.1:315
[ 3018332ms] [ERROR] Failed to load resource: the server responded with a status of 403 (Forbidden) @ https://apis.data.go.kr/B090041/openapi/service/SpcdeInfoService/getAnniversaryInfo?ServiceKey=590ecdf5a2e2ea517c853271d834f47f0d0cef966ec408e467106f063aa49e2c&solYear=2026&numOfRows=100&_type=json:0
[ 3018332ms] [WARNING] API getAnniversaryInfo 실패 (2026): HTTP 403 @ http://localhost:8090/holidays.js?v=1.1:173
[ 3018332ms] [LOG] 📋 2026년 기념일 정적 데이터 사용 (5건) @ http://localhost:8090/holidays.js?v=1.1:315
