[      58ms] [ERROR] Connecting to 'https://www.google.com/g/collect?v=2&tid=G-Q4QYNTQHQ8&gtm=45je64a1v9248655343za200zd9248655343&_p=1776176950665&gcd=13l3l3l3l1l1&npa=0&dma=0&_eu=AAAAAAQ&are=1&cid=141273017.1775700182&frm=0&pscdl=noapi&rcb=2&sr=1512x982&uaa=arm&uab=64&uafvl=Google%2520Chrome%3B147.0.7727.56%7CNot.A%252FBrand%3B8.0.0.0%7CChromium%3B147.0.7727.56&uam=&uamb=0&uap=macOS&uapv=26.2.0&uaw=0&ul=ko-kr&_s=3&tag_exp=0%7E115938466%7E115938468%7E117266400%7E118131809%7E118289195&sid=1776176158&sct=11&seg=1&dl=http%3A%2F%2Flocalhost%2Findex.html%3Fnocache%3D2&dt=SNUH+%EB%A9%94%EC%9D%B4%ED%8A%B8+%28SNUH+Mate%29&en=user_engagement&_et=25671&tfd=25753&gaf=1' violates the following Content Security Policy directive: "connect-src 'self' http://localhost:3001 https://*.googleapis.com https://oauth2.googleapis.com https://accounts.google.com https://www.google-analytics.com https://*.supabase.co https://apis.data.go.kr https://api.rss2json.com https://api.openalex.org https://news.google.com https://*.channel.io wss://*.channel.io https://*.sentry.io https://tally.so https://cdn.jsdelivr.net". The action has been blocked. @ https://www.googletagmanager.com/gtag/js?id=G-Q4QYNTQHQ8:230
[      58ms] [ERROR] Fetch API cannot load https://www.google.com/g/collect?v=2&tid=G-Q4QYNTQHQ8&gtm=45je64a1v9248655343za200zd9248655343&_p=1776176950665&gcd=13l3l3l3l1l1&npa=0&dma=0&_eu=AAAAAAQ&are=1&cid=141273017.1775700182&frm=0&pscdl=noapi&rcb=2&sr=1512x982&uaa=arm&uab=64&uafvl=Google%2520Chrome%3B147.0.7727.56%7CNot.A%252FBrand%3B8.0.0.0%7CChromium%3B147.0.7727.56&uam=&uamb=0&uap=macOS&uapv=26.2.0&uaw=0&ul=ko-kr&_s=3&tag_exp=0%7E115938466%7E115938468%7E117266400%7E118131809%7E118289195&sid=1776176158&sct=11&seg=1&dl=http%3A%2F%2Flocalhost%2Findex.html%3Fnocache%3D2&dt=SNUH+%EB%A9%94%EC%9D%B4%ED%8A%B8+%28SNUH+Mate%29&en=user_engagement&_et=25671&tfd=25753&gaf=1. Refused to connect because it violates the document's Content Security Policy. @ https://www.googletagmanager.com/gtag/js?id=G-Q4QYNTQHQ8:230
[     181ms] [LOG] [DATA] 월간 재시도 대기 중, static fallback 사용 @ http://localhost:8181/data.js?v=1.3:629
[     190ms] [LOG] 💾 2026년 공휴일 localStorage 캐시 사용 (23건) @ http://localhost:8181/holidays.js?v=1.2:316
[    3260ms] [ERROR] Failed to load resource: the server responded with a status of 404 () @ https://ulamqyarenzjdxlisijl.supabase.co/rest/v1/app_events?columns=%22anon_id%22%2C%22event_type%22%2C%22payload%22%2C%22app_version%22%2C%22user_agent%22%2C%22ts%22:0
[    3261ms] [WARNING] [Telemetry] insert failed: Could not find the table 'public.app_events' in the schema cache @ http://localhost:8181/supabaseClient.js?v=1.5:100
[   59573ms] [WARNING] <meta name="apple-mobile-web-app-capable" content="yes"> is deprecated. Please include <meta name="mobile-web-app-capable" content="yes"> @ http://localhost:8181/cardnews.html:0
[   59852ms] [LOG] [DATA] 월간 재시도 대기 중, static fallback 사용 @ http://localhost:8181/data.js?v=2.5:629
[   59864ms] [ERROR] Failed to load resource: the server responded with a status of 404 (Not Found) @ http://localhost:3001/api/api/regulations/browse:0
[   59864ms] [LOG] [regulation.js] DB browse unavailable, using DATA.handbook fallback: HTTP 404 @ http://localhost:8181/regulation.js?v=2.4:196
[   59898ms] [WARNING] <meta name="apple-mobile-web-app-capable" content="yes"> is deprecated. Please include <meta name="mobile-web-app-capable" content="yes"> @ http://localhost:8181/regulation.html:0
[   61047ms] [LOG] [DATA] 월간 재시도 대기 중, static fallback 사용 @ http://localhost:8181/data.js?v=1.3:629
[   61059ms] [LOG] 💾 2026년 공휴일 localStorage 캐시 사용 (23건) @ http://localhost:8181/holidays.js?v=1.2:316
[   64138ms] [ERROR] Failed to load resource: the server responded with a status of 404 () @ https://ulamqyarenzjdxlisijl.supabase.co/rest/v1/app_events?columns=%22anon_id%22%2C%22event_type%22%2C%22payload%22%2C%22app_version%22%2C%22user_agent%22%2C%22ts%22:0
[   64139ms] [WARNING] [Telemetry] insert failed: Could not find the table 'public.app_events' in the schema cache @ http://localhost:8181/supabaseClient.js?v=1.5:100
[   83996ms] [LOG] [DATA] 월간 재시도 대기 중, static fallback 사용 @ http://localhost:8181/data.js?v=2.5:629
[   84013ms] [ERROR] Failed to load resource: the server responded with a status of 404 (Not Found) @ http://localhost:3001/api/api/regulations/browse:0
[   84013ms] [LOG] [regulation.js] DB browse unavailable, using DATA.handbook fallback: HTTP 404 @ http://localhost:8181/regulation.js?v=2.4:196
[   84063ms] [WARNING] <meta name="apple-mobile-web-app-capable" content="yes"> is deprecated. Please include <meta name="mobile-web-app-capable" content="yes"> @ http://localhost:8181/regulation.html:0
[   84754ms] [WARNING] <meta name="apple-mobile-web-app-capable" content="yes"> is deprecated. Please include <meta name="mobile-web-app-capable" content="yes"> @ http://localhost:8181/cardnews.html:0
[   85213ms] [LOG] [DATA] 월간 재시도 대기 중, static fallback 사용 @ http://localhost:8181/data.js?v=1.3:629
[   85216ms] [LOG] 💾 2026년 공휴일 localStorage 캐시 사용 (23건) @ http://localhost:8181/holidays.js?v=1.2:316
[   88306ms] [ERROR] Failed to load resource: the server responded with a status of 404 () @ https://ulamqyarenzjdxlisijl.supabase.co/rest/v1/app_events?columns=%22anon_id%22%2C%22event_type%22%2C%22payload%22%2C%22app_version%22%2C%22user_agent%22%2C%22ts%22:0
[   88306ms] [WARNING] [Telemetry] insert failed: Could not find the table 'public.app_events' in the schema cache @ http://localhost:8181/supabaseClient.js?v=1.5:100
