[     214ms] [LOG] [DATA] 월간 재시도 대기 중, static fallback 사용 @ http://localhost:8080/data.js?v=2.7:646
[     234ms] [LOG] 💾 2026년 공휴일 localStorage 캐시 사용 (23건) @ http://localhost:8080/holidays.js?v=1.2:316
[    4033ms] [ERROR] Failed to load resource: the server responded with a status of 404 () @ https://ulamqyarenzjdxlisijl.supabase.co/rest/v1/app_events?columns=%22anon_id%22%2C%22event_type%22%2C%22payload%22%2C%22app_version%22%2C%22user_agent%22%2C%22ts%22:0
[    4034ms] [WARNING] [Telemetry] insert failed: Could not find the table 'public.app_events' in the schema cache @ http://localhost:8080/supabaseClient.js?v=1.6:100
[ 2856473ms] [LOG] [DATA] 월간 재시도 대기 중, static fallback 사용 @ http://localhost:8080/data.js?v=2.7:646
[ 2856483ms] [LOG] 💾 2026년 공휴일 localStorage 캐시 사용 (23건) @ http://localhost:8080/holidays.js?v=1.2:316
[ 2860750ms] [ERROR] Failed to load resource: the server responded with a status of 404 () @ https://ulamqyarenzjdxlisijl.supabase.co/rest/v1/app_events?columns=%22anon_id%22%2C%22event_type%22%2C%22payload%22%2C%22app_version%22%2C%22user_agent%22%2C%22ts%22:0
[ 2860751ms] [WARNING] [Telemetry] insert failed: Could not find the table 'public.app_events' in the schema cache @ http://localhost:8080/supabaseClient.js?v=1.6:100
[21897884ms] [LOG] [DATA] 월간 재시도 대기 중, static fallback 사용 @ http://localhost:8080/data.js?v=2.7:646
[21897948ms] [LOG] 💾 2026년 공휴일 localStorage 캐시 사용 (23건) @ http://localhost:8080/holidays.js?v=1.2:316
[21902743ms] [ERROR] Failed to load resource: the server responded with a status of 404 () @ https://ulamqyarenzjdxlisijl.supabase.co/rest/v1/app_events?columns=%22anon_id%22%2C%22event_type%22%2C%22payload%22%2C%22app_version%22%2C%22user_agent%22%2C%22ts%22:0
[21902743ms] [WARNING] [Telemetry] insert failed: Could not find the table 'public.app_events' in the schema cache @ http://localhost:8080/supabaseClient.js?v=1.6:100
[26841731ms] [LOG] [DATA] 월간 재시도 대기 중, static fallback 사용 @ http://localhost:8080/data.js?v=2.7:646
[26841776ms] [LOG] 💾 2026년 공휴일 localStorage 캐시 사용 (23건) @ http://localhost:8080/holidays.js?v=1.2:316
[26846062ms] [ERROR] Failed to load resource: the server responded with a status of 404 () @ https://ulamqyarenzjdxlisijl.supabase.co/rest/v1/app_events?columns=%22anon_id%22%2C%22event_type%22%2C%22payload%22%2C%22app_version%22%2C%22user_agent%22%2C%22ts%22:0
[26846063ms] [WARNING] [Telemetry] insert failed: Could not find the table 'public.app_events' in the schema cache @ http://localhost:8080/supabaseClient.js?v=1.6:100
[28626667ms] [LOG] [DATA] 월간 재시도 대기 중, static fallback 사용 @ http://localhost:8080/data.js?v=2.7:646
[28626736ms] [LOG] 💾 2026년 공휴일 localStorage 캐시 사용 (23건) @ http://localhost:8080/holidays.js?v=1.2:316
[28630575ms] [ERROR] Failed to load resource: the server responded with a status of 404 () @ https://ulamqyarenzjdxlisijl.supabase.co/rest/v1/app_events?columns=%22anon_id%22%2C%22event_type%22%2C%22payload%22%2C%22app_version%22%2C%22user_agent%22%2C%22ts%22:0
[28630576ms] [WARNING] [Telemetry] insert failed: Could not find the table 'public.app_events' in the schema cache @ http://localhost:8080/supabaseClient.js?v=1.6:100
[28643417ms] [LOG] [DATA] 월간 재시도 대기 중, static fallback 사용 @ http://localhost:8080/data.js?v=2.7:646
[28643431ms] [LOG] 💾 2026년 공휴일 localStorage 캐시 사용 (23건) @ http://localhost:8080/holidays.js?v=1.2:316
[28646542ms] [ERROR] Failed to load resource: the server responded with a status of 404 () @ https://ulamqyarenzjdxlisijl.supabase.co/rest/v1/app_events?columns=%22anon_id%22%2C%22event_type%22%2C%22payload%22%2C%22app_version%22%2C%22user_agent%22%2C%22ts%22:0
[28646542ms] [WARNING] [Telemetry] insert failed: Could not find the table 'public.app_events' in the schema cache @ http://localhost:8080/supabaseClient.js?v=1.6:100
[31814022ms] [LOG] [DATA] 월간 재시도 대기 중, static fallback 사용 @ http://localhost:8080/data.js?v=2.7:646
[31814349ms] [LOG] 💾 2026년 공휴일 localStorage 캐시 사용 (23건) @ http://localhost:8080/holidays.js?v=1.2:316
[31818284ms] [ERROR] Failed to load resource: the server responded with a status of 404 () @ https://ulamqyarenzjdxlisijl.supabase.co/rest/v1/app_events?columns=%22anon_id%22%2C%22event_type%22%2C%22payload%22%2C%22app_version%22%2C%22user_agent%22%2C%22ts%22:0
[31818286ms] [WARNING] [Telemetry] insert failed: Could not find the table 'public.app_events' in the schema cache @ http://localhost:8080/supabaseClient.js?v=1.6:100
